Making install in .
make[1]: Entering directory `/home/Administrateur/13_pkg-config/pkg-config-0.28'
make[2]: Entering directory `/home/Administrateur/13_pkg-config/pkg-config-0.28'
 /bin/mkdir -p '/opt/bin'
  /bin/sh ./libtool   --mode=install /bin/install -c pkg-config.exe '/opt/bin'
libtool: install: /bin/install -c .libs/pkg-config.exe /opt/bin/pkg-config.exe
make  install-exec-hook
make[3]: Entering directory `/home/Administrateur/13_pkg-config/pkg-config-0.28'
cd /opt/bin && ln pkg-config.exe x86_64-w64-mingw32-pkg-config.exe
make[3]: Leaving directory `/home/Administrateur/13_pkg-config/pkg-config-0.28'
 /bin/mkdir -p '/opt/share/doc/pkg-config'
 /bin/install -c -m 644 pkg-config-guide.html '/opt/share/doc/pkg-config'
 /bin/mkdir -p '/opt/share/aclocal'
 /bin/install -c -m 644 pkg.m4 '/opt/share/aclocal'
 /bin/mkdir -p '/opt/share/man/man1'
 /bin/install -c -m 644 pkg-config.1 '/opt/share/man/man1'
make[2]: Leaving directory `/home/Administrateur/13_pkg-config/pkg-config-0.28'
make[1]: Leaving directory `/home/Administrateur/13_pkg-config/pkg-config-0.28'
Making install in check
make[1]: Entering directory `/home/Administrateur/13_pkg-config/pkg-config-0.28/check'
make[2]: Entering directory `/home/Administrateur/13_pkg-config/pkg-config-0.28/check'
make[2]: Nothing to be done for `install-exec-am'.
make[2]: Nothing to be done for `install-data-am'.
make[2]: Leaving directory `/home/Administrateur/13_pkg-config/pkg-config-0.28/check'
make[1]: Leaving directory `/home/Administrateur/13_pkg-config/pkg-config-0.28/check'
