make  all-recursive
make[1]: Entering directory `/home/Administrateur/33_libfontconfig/fontconfig-2.10.2'
Making all in fontconfig
make[2]: Entering directory `/home/Administrateur/33_libfontconfig/fontconfig-2.10.2/fontconfig'
make[2]: Nothing to be done for `all'.
make[2]: Leaving directory `/home/Administrateur/33_libfontconfig/fontconfig-2.10.2/fontconfig'
Making all in fc-case
make[2]: Entering directory `/home/Administrateur/33_libfontconfig/fontconfig-2.10.2/fc-case'
touch fcalias.h fcaliastail.h
make  all-am
make[3]: Entering directory `/home/Administrateur/33_libfontconfig/fontconfig-2.10.2/fc-case'
  CC     fc-case.o
  CCLD   fc-case.exe
  GEN    fccase.h
make[3]: Leaving directory `/home/Administrateur/33_libfontconfig/fontconfig-2.10.2/fc-case'
make[2]: Leaving directory `/home/Administrateur/33_libfontconfig/fontconfig-2.10.2/fc-case'
Making all in fc-lang
make[2]: Entering directory `/home/Administrateur/33_libfontconfig/fontconfig-2.10.2/fc-lang'
touch fcalias.h fcaliastail.h
  CC     fc-lang.o
  CCLD   fc-lang.exe
  GEN    fclang.h
make  all-am
make[3]: Entering directory `/home/Administrateur/33_libfontconfig/fontconfig-2.10.2/fc-lang'
make[3]: Nothing to be done for `all-am'.
make[3]: Leaving directory `/home/Administrateur/33_libfontconfig/fontconfig-2.10.2/fc-lang'
make[2]: Leaving directory `/home/Administrateur/33_libfontconfig/fontconfig-2.10.2/fc-lang'
Making all in fc-glyphname
make[2]: Entering directory `/home/Administrateur/33_libfontconfig/fontconfig-2.10.2/fc-glyphname'
touch fcalias.h fcaliastail.h
  CC     fc-glyphname.o
  CCLD   fc-glyphname.exe
  GEN    fcglyphname.h
make  all-am
make[3]: Entering directory `/home/Administrateur/33_libfontconfig/fontconfig-2.10.2/fc-glyphname'
make[3]: Nothing to be done for `all-am'.
make[3]: Leaving directory `/home/Administrateur/33_libfontconfig/fontconfig-2.10.2/fc-glyphname'
make[2]: Leaving directory `/home/Administrateur/33_libfontconfig/fontconfig-2.10.2/fc-glyphname'
Making all in src
make[2]: Entering directory `/home/Administrateur/33_libfontconfig/fontconfig-2.10.2/src'
  GEN    fcalias.h
  GEN    fcftalias.h
make  all-am
make[3]: Entering directory `/home/Administrateur/33_libfontconfig/fontconfig-2.10.2/src'
  CC     fcatomic.lo
fcatomic.c: In function 'FcAtomicLock':
fcatomic.c:145:5: warning: implicit declaration of function '_mkdir' [-Wimplicit-function-declaration]
fcatomic.c:145:5: warning: nested extern declaration of '_mkdir' [-Wnested-externs]
  CC     fcblanks.lo
  CC     fccache.lo
fccache.c: In function 'FcMakeDirectory':
fccache.c:822:2: warning: implicit declaration of function '_mkdir' [-Wimplicit-function-declaration]
fccache.c:822:2: warning: nested extern declaration of '_mkdir' [-Wnested-externs]
  CC     fccfg.lo
fccfg.c:1667:1: warning: no previous prototype for 'DllMain' [-Wmissing-prototypes]
  CC     fccharset.lo
  CC     fcdbg.lo
  CC     fcdefault.lo
  CC     fcdir.lo
  CC     fcformat.lo
  CC     fcfreetype.lo
  CC     fcfs.lo
  CC     fcinit.lo
  CC     fclang.lo
  CC     fclist.lo
fclist.c: In function 'FcListValueHash':
fclist.c:276:9: warning: cast from pointer to integer of different size [-Wpointer-to-int-cast]
  CC     fcmatch.lo
  CC     fcmatrix.lo
  CC     fcname.lo
  CC     fcpat.lo
  CC     fcserialize.lo
  CC     fcstat.lo
  CC     fcstr.lo
  CC     fcxml.lo
fcxml.c: In function 'FcParseDir':
fcxml.c:1900:4: warning: pointer targets in assignment differ in signedness [-Wpointer-sign]
fcxml.c:1902:2: warning: passing argument 1 of 'strcat' discards 'const' qualifier from pointer target type [enabled by default]
c:\msys\1.0\mingw\bin\../lib/gcc/x86_64-w64-mingw32/4.6.3/../../../../x86_64-w64-mingw32/include/intrin.h:431:5: note: expected 'char *' but argument is of type 'const FcChar8 *'
fcxml.c:1913:4: warning: pointer targets in assignment differ in signedness [-Wpointer-sign]
fcxml.c:1915:2: warning: passing argument 1 of 'strcat' discards 'const' qualifier from pointer target type [enabled by default]
c:\msys\1.0\mingw\bin\../lib/gcc/x86_64-w64-mingw32/4.6.3/../../../../x86_64-w64-mingw32/include/intrin.h:431:5: note: expected 'char *' but argument is of type 'const FcChar8 *'
fcxml.c:1928:6: warning: passing argument 1 of 'strcat' discards 'const' qualifier from pointer target type [enabled by default]
c:\msys\1.0\mingw\bin\../lib/gcc/x86_64-w64-mingw32/4.6.3/../../../../x86_64-w64-mingw32/include/intrin.h:431:5: note: expected 'char *' but argument is of type 'const FcChar8 *'
fcxml.c:1929:2: warning: passing argument 1 of 'strcat' discards 'const' qualifier from pointer target type [enabled by default]
c:\msys\1.0\mingw\bin\../lib/gcc/x86_64-w64-mingw32/4.6.3/../../../../x86_64-w64-mingw32/include/intrin.h:431:5: note: expected 'char *' but argument is of type 'const FcChar8 *'
fcxml.c: In function 'FcParseCacheDir':
fcxml.c:1999:6: warning: pointer targets in passing argument 1 of 'strcat' differ in signedness [-Wpointer-sign]
c:\msys\1.0\mingw\bin\../lib/gcc/x86_64-w64-mingw32/4.6.3/../../../../x86_64-w64-mingw32/include/intrin.h:431:5: note: expected 'char *' but argument is of type 'FcChar8 *'
fcxml.c:2000:2: warning: pointer targets in passing argument 1 of 'strcat' differ in signedness [-Wpointer-sign]
c:\msys\1.0\mingw\bin\../lib/gcc/x86_64-w64-mingw32/4.6.3/../../../../x86_64-w64-mingw32/include/intrin.h:431:5: note: expected 'char *' but argument is of type 'FcChar8 *'
  CC     ftglue.lo
echo Generating fontconfig.def
Generating fontconfig.def
(echo EXPORTS; \
	(cat ../fontconfig/fontconfig.h ../src/fcdeprecate.h ../fontconfig/fcprivate.h ../fontconfig/fcfreetype.h || echo 'FcERROR ()' ) | \
	grep '^Fc[^ ]* *(' | sed -e 's/ *(.*$//' -e 's/^/	/' | \
	sort; \
	echo LIBRARY libfontconfig-1.dll; \
	echo VERSION 7.2) >fontconfig.def
  CCLD   libfontconfig.la
  CC     fcarch.o
  CCLD   fcarch.exe
make[3]: Leaving directory `/home/Administrateur/33_libfontconfig/fontconfig-2.10.2/src'
make[2]: Leaving directory `/home/Administrateur/33_libfontconfig/fontconfig-2.10.2/src'
Making all in fc-cache
make[2]: Entering directory `/home/Administrateur/33_libfontconfig/fontconfig-2.10.2/fc-cache'
  CC     fc-cache.o
  CCLD   fc-cache.exe
make[2]: Leaving directory `/home/Administrateur/33_libfontconfig/fontconfig-2.10.2/fc-cache'
Making all in fc-cat
make[2]: Entering directory `/home/Administrateur/33_libfontconfig/fontconfig-2.10.2/fc-cat'
  CC     fc-cat.o
  CCLD   fc-cat.exe
make[2]: Leaving directory `/home/Administrateur/33_libfontconfig/fontconfig-2.10.2/fc-cat'
Making all in fc-list
make[2]: Entering directory `/home/Administrateur/33_libfontconfig/fontconfig-2.10.2/fc-list'
  CC     fc-list.o
  CCLD   fc-list.exe
make[2]: Leaving directory `/home/Administrateur/33_libfontconfig/fontconfig-2.10.2/fc-list'
Making all in fc-match
make[2]: Entering directory `/home/Administrateur/33_libfontconfig/fontconfig-2.10.2/fc-match'
  CC     fc-match.o
  CCLD   fc-match.exe
make[2]: Leaving directory `/home/Administrateur/33_libfontconfig/fontconfig-2.10.2/fc-match'
Making all in fc-pattern
make[2]: Entering directory `/home/Administrateur/33_libfontconfig/fontconfig-2.10.2/fc-pattern'
  CC     fc-pattern.o
  CCLD   fc-pattern.exe
make[2]: Leaving directory `/home/Administrateur/33_libfontconfig/fontconfig-2.10.2/fc-pattern'
Making all in fc-query
make[2]: Entering directory `/home/Administrateur/33_libfontconfig/fontconfig-2.10.2/fc-query'
  CC     fc-query.o
  CCLD   fc-query.exe
make[2]: Leaving directory `/home/Administrateur/33_libfontconfig/fontconfig-2.10.2/fc-query'
Making all in fc-scan
make[2]: Entering directory `/home/Administrateur/33_libfontconfig/fontconfig-2.10.2/fc-scan'
  CC     fc-scan.o
  CCLD   fc-scan.exe
make[2]: Leaving directory `/home/Administrateur/33_libfontconfig/fontconfig-2.10.2/fc-scan'
Making all in conf.d
make[2]: Entering directory `/home/Administrateur/33_libfontconfig/fontconfig-2.10.2/conf.d'
make[2]: Nothing to be done for `all'.
make[2]: Leaving directory `/home/Administrateur/33_libfontconfig/fontconfig-2.10.2/conf.d'
Making all in doc
make[2]: Entering directory `/home/Administrateur/33_libfontconfig/fontconfig-2.10.2/doc'
make  all-am
make[3]: Entering directory `/home/Administrateur/33_libfontconfig/fontconfig-2.10.2/doc'
make[3]: *** No rule to make target `FcAtomicCreate.3', needed by `all-am'.  Stop.
make[3]: Leaving directory `/home/Administrateur/33_libfontconfig/fontconfig-2.10.2/doc'
make[2]: *** [all] Error 2
make[2]: Leaving directory `/home/Administrateur/33_libfontconfig/fontconfig-2.10.2/doc'
make[1]: *** [all-recursive] Error 1
make[1]: Leaving directory `/home/Administrateur/33_libfontconfig/fontconfig-2.10.2'
make: *** [all] Error 2
