Making all in src
make[1]: Entering directory `/home/Administrateur/42_libjasper/jasper-1.900.1/src'
Making all in libjasper
make[2]: Entering directory `/home/Administrateur/42_libjasper/jasper-1.900.1/src/libjasper'
Making all in include
make[3]: Entering directory `/home/Administrateur/42_libjasper/jasper-1.900.1/src/libjasper/include'
Making all in jasper
make[4]: Entering directory `/home/Administrateur/42_libjasper/jasper-1.900.1/src/libjasper/include/jasper'
make  all-am
make[5]: Entering directory `/home/Administrateur/42_libjasper/jasper-1.900.1/src/libjasper/include/jasper'
make[5]: Nothing to be done for `all-am'.
make[5]: Leaving directory `/home/Administrateur/42_libjasper/jasper-1.900.1/src/libjasper/include/jasper'
make[4]: Leaving directory `/home/Administrateur/42_libjasper/jasper-1.900.1/src/libjasper/include/jasper'
make[4]: Entering directory `/home/Administrateur/42_libjasper/jasper-1.900.1/src/libjasper/include'
make[4]: Nothing to be done for `all-am'.
make[4]: Leaving directory `/home/Administrateur/42_libjasper/jasper-1.900.1/src/libjasper/include'
make[3]: Leaving directory `/home/Administrateur/42_libjasper/jasper-1.900.1/src/libjasper/include'
Making all in base
make[3]: Entering directory `/home/Administrateur/42_libjasper/jasper-1.900.1/src/libjasper/base'
if /bin/sh ../../../libtool --tag=CC --mode=compile x86_64-w64-mingw32-gcc -DHAVE_CONFIG_H -I. -I. -I../../../src/libjasper/include/jasper -I../../../src/libjasper/include  -I/opt/include  -I/opt/include -MT jas_cm.lo -MD -MP -MF ".deps/jas_cm.Tpo" -c -o jas_cm.lo jas_cm.c; \
	then mv -f ".deps/jas_cm.Tpo" ".deps/jas_cm.Plo"; else rm -f ".deps/jas_cm.Tpo"; exit 1; fi
mkdir .libs
 x86_64-w64-mingw32-gcc -DHAVE_CONFIG_H -I. -I. -I../../../src/libjasper/include/jasper -I../../../src/libjasper/include -I/opt/include -I/opt/include -MT jas_cm.lo -MD -MP -MF .deps/jas_cm.Tpo -c jas_cm.c  -DDLL_EXPORT -DPIC -o .libs/jas_cm.o
 x86_64-w64-mingw32-gcc -DHAVE_CONFIG_H -I. -I. -I../../../src/libjasper/include/jasper -I../../../src/libjasper/include -I/opt/include -I/opt/include -MT jas_cm.lo -MD -MP -MF .deps/jas_cm.Tpo -c jas_cm.c -o jas_cm.o >/dev/null 2>&1
if /bin/sh ../../../libtool --tag=CC --mode=compile x86_64-w64-mingw32-gcc -DHAVE_CONFIG_H -I. -I. -I../../../src/libjasper/include/jasper -I../../../src/libjasper/include  -I/opt/include  -I/opt/include -MT jas_debug.lo -MD -MP -MF ".deps/jas_debug.Tpo" -c -o jas_debug.lo jas_debug.c; \
	then mv -f ".deps/jas_debug.Tpo" ".deps/jas_debug.Plo"; else rm -f ".deps/jas_debug.Tpo"; exit 1; fi
 x86_64-w64-mingw32-gcc -DHAVE_CONFIG_H -I. -I. -I../../../src/libjasper/include/jasper -I../../../src/libjasper/include -I/opt/include -I/opt/include -MT jas_debug.lo -MD -MP -MF .deps/jas_debug.Tpo -c jas_debug.c  -DDLL_EXPORT -DPIC -o .libs/jas_debug.o
 x86_64-w64-mingw32-gcc -DHAVE_CONFIG_H -I. -I. -I../../../src/libjasper/include/jasper -I../../../src/libjasper/include -I/opt/include -I/opt/include -MT jas_debug.lo -MD -MP -MF .deps/jas_debug.Tpo -c jas_debug.c -o jas_debug.o >/dev/null 2>&1
if /bin/sh ../../../libtool --tag=CC --mode=compile x86_64-w64-mingw32-gcc -DHAVE_CONFIG_H -I. -I. -I../../../src/libjasper/include/jasper -I../../../src/libjasper/include  -I/opt/include  -I/opt/include -MT jas_getopt.lo -MD -MP -MF ".deps/jas_getopt.Tpo" -c -o jas_getopt.lo jas_getopt.c; \
	then mv -f ".deps/jas_getopt.Tpo" ".deps/jas_getopt.Plo"; else rm -f ".deps/jas_getopt.Tpo"; exit 1; fi
 x86_64-w64-mingw32-gcc -DHAVE_CONFIG_H -I. -I. -I../../../src/libjasper/include/jasper -I../../../src/libjasper/include -I/opt/include -I/opt/include -MT jas_getopt.lo -MD -MP -MF .deps/jas_getopt.Tpo -c jas_getopt.c  -DDLL_EXPORT -DPIC -o .libs/jas_getopt.o
 x86_64-w64-mingw32-gcc -DHAVE_CONFIG_H -I. -I. -I../../../src/libjasper/include/jasper -I../../../src/libjasper/include -I/opt/include -I/opt/include -MT jas_getopt.lo -MD -MP -MF .deps/jas_getopt.Tpo -c jas_getopt.c -o jas_getopt.o >/dev/null 2>&1
if /bin/sh ../../../libtool --tag=CC --mode=compile x86_64-w64-mingw32-gcc -DHAVE_CONFIG_H -I. -I. -I../../../src/libjasper/include/jasper -I../../../src/libjasper/include  -I/opt/include  -I/opt/include -MT jas_image.lo -MD -MP -MF ".deps/jas_image.Tpo" -c -o jas_image.lo jas_image.c; \
	then mv -f ".deps/jas_image.Tpo" ".deps/jas_image.Plo"; else rm -f ".deps/jas_image.Tpo"; exit 1; fi
 x86_64-w64-mingw32-gcc -DHAVE_CONFIG_H -I. -I. -I../../../src/libjasper/include/jasper -I../../../src/libjasper/include -I/opt/include -I/opt/include -MT jas_image.lo -MD -MP -MF .deps/jas_image.Tpo -c jas_image.c  -DDLL_EXPORT -DPIC -o .libs/jas_image.o
 x86_64-w64-mingw32-gcc -DHAVE_CONFIG_H -I. -I. -I../../../src/libjasper/include/jasper -I../../../src/libjasper/include -I/opt/include -I/opt/include -MT jas_image.lo -MD -MP -MF .deps/jas_image.Tpo -c jas_image.c -o jas_image.o >/dev/null 2>&1
if /bin/sh ../../../libtool --tag=CC --mode=compile x86_64-w64-mingw32-gcc -DHAVE_CONFIG_H -I. -I. -I../../../src/libjasper/include/jasper -I../../../src/libjasper/include  -I/opt/include  -I/opt/include -MT jas_icc.lo -MD -MP -MF ".deps/jas_icc.Tpo" -c -o jas_icc.lo jas_icc.c; \
	then mv -f ".deps/jas_icc.Tpo" ".deps/jas_icc.Plo"; else rm -f ".deps/jas_icc.Tpo"; exit 1; fi
 x86_64-w64-mingw32-gcc -DHAVE_CONFIG_H -I. -I. -I../../../src/libjasper/include/jasper -I../../../src/libjasper/include -I/opt/include -I/opt/include -MT jas_icc.lo -MD -MP -MF .deps/jas_icc.Tpo -c jas_icc.c  -DDLL_EXPORT -DPIC -o .libs/jas_icc.o
 x86_64-w64-mingw32-gcc -DHAVE_CONFIG_H -I. -I. -I../../../src/libjasper/include/jasper -I../../../src/libjasper/include -I/opt/include -I/opt/include -MT jas_icc.lo -MD -MP -MF .deps/jas_icc.Tpo -c jas_icc.c -o jas_icc.o >/dev/null 2>&1
if /bin/sh ../../../libtool --tag=CC --mode=compile x86_64-w64-mingw32-gcc -DHAVE_CONFIG_H -I. -I. -I../../../src/libjasper/include/jasper -I../../../src/libjasper/include  -I/opt/include  -I/opt/include -MT jas_iccdata.lo -MD -MP -MF ".deps/jas_iccdata.Tpo" -c -o jas_iccdata.lo jas_iccdata.c; \
	then mv -f ".deps/jas_iccdata.Tpo" ".deps/jas_iccdata.Plo"; else rm -f ".deps/jas_iccdata.Tpo"; exit 1; fi
 x86_64-w64-mingw32-gcc -DHAVE_CONFIG_H -I. -I. -I../../../src/libjasper/include/jasper -I../../../src/libjasper/include -I/opt/include -I/opt/include -MT jas_iccdata.lo -MD -MP -MF .deps/jas_iccdata.Tpo -c jas_iccdata.c  -DDLL_EXPORT -DPIC -o .libs/jas_iccdata.o
 x86_64-w64-mingw32-gcc -DHAVE_CONFIG_H -I. -I. -I../../../src/libjasper/include/jasper -I../../../src/libjasper/include -I/opt/include -I/opt/include -MT jas_iccdata.lo -MD -MP -MF .deps/jas_iccdata.Tpo -c jas_iccdata.c -o jas_iccdata.o >/dev/null 2>&1
if /bin/sh ../../../libtool --tag=CC --mode=compile x86_64-w64-mingw32-gcc -DHAVE_CONFIG_H -I. -I. -I../../../src/libjasper/include/jasper -I../../../src/libjasper/include  -I/opt/include  -I/opt/include -MT jas_init.lo -MD -MP -MF ".deps/jas_init.Tpo" -c -o jas_init.lo jas_init.c; \
	then mv -f ".deps/jas_init.Tpo" ".deps/jas_init.Plo"; else rm -f ".deps/jas_init.Tpo"; exit 1; fi
 x86_64-w64-mingw32-gcc -DHAVE_CONFIG_H -I. -I. -I../../../src/libjasper/include/jasper -I../../../src/libjasper/include -I/opt/include -I/opt/include -MT jas_init.lo -MD -MP -MF .deps/jas_init.Tpo -c jas_init.c  -DDLL_EXPORT -DPIC -o .libs/jas_init.o
 x86_64-w64-mingw32-gcc -DHAVE_CONFIG_H -I. -I. -I../../../src/libjasper/include/jasper -I../../../src/libjasper/include -I/opt/include -I/opt/include -MT jas_init.lo -MD -MP -MF .deps/jas_init.Tpo -c jas_init.c -o jas_init.o >/dev/null 2>&1
if /bin/sh ../../../libtool --tag=CC --mode=compile x86_64-w64-mingw32-gcc -DHAVE_CONFIG_H -I. -I. -I../../../src/libjasper/include/jasper -I../../../src/libjasper/include  -I/opt/include  -I/opt/include -MT jas_malloc.lo -MD -MP -MF ".deps/jas_malloc.Tpo" -c -o jas_malloc.lo jas_malloc.c; \
	then mv -f ".deps/jas_malloc.Tpo" ".deps/jas_malloc.Plo"; else rm -f ".deps/jas_malloc.Tpo"; exit 1; fi
 x86_64-w64-mingw32-gcc -DHAVE_CONFIG_H -I. -I. -I../../../src/libjasper/include/jasper -I../../../src/libjasper/include -I/opt/include -I/opt/include -MT jas_malloc.lo -MD -MP -MF .deps/jas_malloc.Tpo -c jas_malloc.c  -DDLL_EXPORT -DPIC -o .libs/jas_malloc.o
 x86_64-w64-mingw32-gcc -DHAVE_CONFIG_H -I. -I. -I../../../src/libjasper/include/jasper -I../../../src/libjasper/include -I/opt/include -I/opt/include -MT jas_malloc.lo -MD -MP -MF .deps/jas_malloc.Tpo -c jas_malloc.c -o jas_malloc.o >/dev/null 2>&1
if /bin/sh ../../../libtool --tag=CC --mode=compile x86_64-w64-mingw32-gcc -DHAVE_CONFIG_H -I. -I. -I../../../src/libjasper/include/jasper -I../../../src/libjasper/include  -I/opt/include  -I/opt/include -MT jas_seq.lo -MD -MP -MF ".deps/jas_seq.Tpo" -c -o jas_seq.lo jas_seq.c; \
	then mv -f ".deps/jas_seq.Tpo" ".deps/jas_seq.Plo"; else rm -f ".deps/jas_seq.Tpo"; exit 1; fi
 x86_64-w64-mingw32-gcc -DHAVE_CONFIG_H -I. -I. -I../../../src/libjasper/include/jasper -I../../../src/libjasper/include -I/opt/include -I/opt/include -MT jas_seq.lo -MD -MP -MF .deps/jas_seq.Tpo -c jas_seq.c  -DDLL_EXPORT -DPIC -o .libs/jas_seq.o
 x86_64-w64-mingw32-gcc -DHAVE_CONFIG_H -I. -I. -I../../../src/libjasper/include/jasper -I../../../src/libjasper/include -I/opt/include -I/opt/include -MT jas_seq.lo -MD -MP -MF .deps/jas_seq.Tpo -c jas_seq.c -o jas_seq.o >/dev/null 2>&1
if /bin/sh ../../../libtool --tag=CC --mode=compile x86_64-w64-mingw32-gcc -DHAVE_CONFIG_H -I. -I. -I../../../src/libjasper/include/jasper -I../../../src/libjasper/include  -I/opt/include  -I/opt/include -MT jas_stream.lo -MD -MP -MF ".deps/jas_stream.Tpo" -c -o jas_stream.lo jas_stream.c; \
	then mv -f ".deps/jas_stream.Tpo" ".deps/jas_stream.Plo"; else rm -f ".deps/jas_stream.Tpo"; exit 1; fi
 x86_64-w64-mingw32-gcc -DHAVE_CONFIG_H -I. -I. -I../../../src/libjasper/include/jasper -I../../../src/libjasper/include -I/opt/include -I/opt/include -MT jas_stream.lo -MD -MP -MF .deps/jas_stream.Tpo -c jas_stream.c  -DDLL_EXPORT -DPIC -o .libs/jas_stream.o
 x86_64-w64-mingw32-gcc -DHAVE_CONFIG_H -I. -I. -I../../../src/libjasper/include/jasper -I../../../src/libjasper/include -I/opt/include -I/opt/include -MT jas_stream.lo -MD -MP -MF .deps/jas_stream.Tpo -c jas_stream.c -o jas_stream.o >/dev/null 2>&1
if /bin/sh ../../../libtool --tag=CC --mode=compile x86_64-w64-mingw32-gcc -DHAVE_CONFIG_H -I. -I. -I../../../src/libjasper/include/jasper -I../../../src/libjasper/include  -I/opt/include  -I/opt/include -MT jas_string.lo -MD -MP -MF ".deps/jas_string.Tpo" -c -o jas_string.lo jas_string.c; \
	then mv -f ".deps/jas_string.Tpo" ".deps/jas_string.Plo"; else rm -f ".deps/jas_string.Tpo"; exit 1; fi
 x86_64-w64-mingw32-gcc -DHAVE_CONFIG_H -I. -I. -I../../../src/libjasper/include/jasper -I../../../src/libjasper/include -I/opt/include -I/opt/include -MT jas_string.lo -MD -MP -MF .deps/jas_string.Tpo -c jas_string.c  -DDLL_EXPORT -DPIC -o .libs/jas_string.o
 x86_64-w64-mingw32-gcc -DHAVE_CONFIG_H -I. -I. -I../../../src/libjasper/include/jasper -I../../../src/libjasper/include -I/opt/include -I/opt/include -MT jas_string.lo -MD -MP -MF .deps/jas_string.Tpo -c jas_string.c -o jas_string.o >/dev/null 2>&1
if /bin/sh ../../../libtool --tag=CC --mode=compile x86_64-w64-mingw32-gcc -DHAVE_CONFIG_H -I. -I. -I../../../src/libjasper/include/jasper -I../../../src/libjasper/include  -I/opt/include  -I/opt/include -MT jas_tmr.lo -MD -MP -MF ".deps/jas_tmr.Tpo" -c -o jas_tmr.lo jas_tmr.c; \
	then mv -f ".deps/jas_tmr.Tpo" ".deps/jas_tmr.Plo"; else rm -f ".deps/jas_tmr.Tpo"; exit 1; fi
 x86_64-w64-mingw32-gcc -DHAVE_CONFIG_H -I. -I. -I../../../src/libjasper/include/jasper -I../../../src/libjasper/include -I/opt/include -I/opt/include -MT jas_tmr.lo -MD -MP -MF .deps/jas_tmr.Tpo -c jas_tmr.c  -DDLL_EXPORT -DPIC -o .libs/jas_tmr.o
 x86_64-w64-mingw32-gcc -DHAVE_CONFIG_H -I. -I. -I../../../src/libjasper/include/jasper -I../../../src/libjasper/include -I/opt/include -I/opt/include -MT jas_tmr.lo -MD -MP -MF .deps/jas_tmr.Tpo -c jas_tmr.c -o jas_tmr.o >/dev/null 2>&1
if /bin/sh ../../../libtool --tag=CC --mode=compile x86_64-w64-mingw32-gcc -DHAVE_CONFIG_H -I. -I. -I../../../src/libjasper/include/jasper -I../../../src/libjasper/include  -I/opt/include  -I/opt/include -MT jas_tvp.lo -MD -MP -MF ".deps/jas_tvp.Tpo" -c -o jas_tvp.lo jas_tvp.c; \
	then mv -f ".deps/jas_tvp.Tpo" ".deps/jas_tvp.Plo"; else rm -f ".deps/jas_tvp.Tpo"; exit 1; fi
 x86_64-w64-mingw32-gcc -DHAVE_CONFIG_H -I. -I. -I../../../src/libjasper/include/jasper -I../../../src/libjasper/include -I/opt/include -I/opt/include -MT jas_tvp.lo -MD -MP -MF .deps/jas_tvp.Tpo -c jas_tvp.c  -DDLL_EXPORT -DPIC -o .libs/jas_tvp.o
 x86_64-w64-mingw32-gcc -DHAVE_CONFIG_H -I. -I. -I../../../src/libjasper/include/jasper -I../../../src/libjasper/include -I/opt/include -I/opt/include -MT jas_tvp.lo -MD -MP -MF .deps/jas_tvp.Tpo -c jas_tvp.c -o jas_tvp.o >/dev/null 2>&1
if /bin/sh ../../../libtool --tag=CC --mode=compile x86_64-w64-mingw32-gcc -DHAVE_CONFIG_H -I. -I. -I../../../src/libjasper/include/jasper -I../../../src/libjasper/include  -I/opt/include  -I/opt/include -MT jas_version.lo -MD -MP -MF ".deps/jas_version.Tpo" -c -o jas_version.lo jas_version.c; \
	then mv -f ".deps/jas_version.Tpo" ".deps/jas_version.Plo"; else rm -f ".deps/jas_version.Tpo"; exit 1; fi
 x86_64-w64-mingw32-gcc -DHAVE_CONFIG_H -I. -I. -I../../../src/libjasper/include/jasper -I../../../src/libjasper/include -I/opt/include -I/opt/include -MT jas_version.lo -MD -MP -MF .deps/jas_version.Tpo -c jas_version.c  -DDLL_EXPORT -DPIC -o .libs/jas_version.o
 x86_64-w64-mingw32-gcc -DHAVE_CONFIG_H -I. -I. -I../../../src/libjasper/include/jasper -I../../../src/libjasper/include -I/opt/include -I/opt/include -MT jas_version.lo -MD -MP -MF .deps/jas_version.Tpo -c jas_version.c -o jas_version.o >/dev/null 2>&1
/bin/sh ../../../libtool --tag=CC --mode=link x86_64-w64-mingw32-gcc  -I/opt/include  -L/opt/lib -o libbase.la   jas_cm.lo jas_debug.lo jas_getopt.lo jas_image.lo jas_icc.lo jas_iccdata.lo jas_init.lo jas_malloc.lo jas_seq.lo jas_stream.lo jas_string.lo jas_tmr.lo jas_tvp.lo jas_version.lo  -lm  -ljpeg
ar cru .libs/libbase.a .libs/jas_cm.o .libs/jas_debug.o .libs/jas_getopt.o .libs/jas_image.o .libs/jas_icc.o .libs/jas_iccdata.o .libs/jas_init.o .libs/jas_malloc.o .libs/jas_seq.o .libs/jas_stream.o .libs/jas_string.o .libs/jas_tmr.o .libs/jas_tvp.o .libs/jas_version.o
ranlib .libs/libbase.a
creating libbase.la
(cd .libs && rm -f libbase.la && ln -s ../libbase.la libbase.la)
make[3]: Leaving directory `/home/Administrateur/42_libjasper/jasper-1.900.1/src/libjasper/base'
Making all in bmp
make[3]: Entering directory `/home/Administrateur/42_libjasper/jasper-1.900.1/src/libjasper/bmp'
if /bin/sh ../../../libtool --tag=CC --mode=compile x86_64-w64-mingw32-gcc -DHAVE_CONFIG_H -I. -I. -I../../../src/libjasper/include/jasper -I../../../src/libjasper/include  -I/opt/include  -I/opt/include -MT bmp_cod.lo -MD -MP -MF ".deps/bmp_cod.Tpo" -c -o bmp_cod.lo bmp_cod.c; \
	then mv -f ".deps/bmp_cod.Tpo" ".deps/bmp_cod.Plo"; else rm -f ".deps/bmp_cod.Tpo"; exit 1; fi
mkdir .libs
 x86_64-w64-mingw32-gcc -DHAVE_CONFIG_H -I. -I. -I../../../src/libjasper/include/jasper -I../../../src/libjasper/include -I/opt/include -I/opt/include -MT bmp_cod.lo -MD -MP -MF .deps/bmp_cod.Tpo -c bmp_cod.c  -DDLL_EXPORT -DPIC -o .libs/bmp_cod.o
 x86_64-w64-mingw32-gcc -DHAVE_CONFIG_H -I. -I. -I../../../src/libjasper/include/jasper -I../../../src/libjasper/include -I/opt/include -I/opt/include -MT bmp_cod.lo -MD -MP -MF .deps/bmp_cod.Tpo -c bmp_cod.c -o bmp_cod.o >/dev/null 2>&1
if /bin/sh ../../../libtool --tag=CC --mode=compile x86_64-w64-mingw32-gcc -DHAVE_CONFIG_H -I. -I. -I../../../src/libjasper/include/jasper -I../../../src/libjasper/include  -I/opt/include  -I/opt/include -MT bmp_dec.lo -MD -MP -MF ".deps/bmp_dec.Tpo" -c -o bmp_dec.lo bmp_dec.c; \
	then mv -f ".deps/bmp_dec.Tpo" ".deps/bmp_dec.Plo"; else rm -f ".deps/bmp_dec.Tpo"; exit 1; fi
 x86_64-w64-mingw32-gcc -DHAVE_CONFIG_H -I. -I. -I../../../src/libjasper/include/jasper -I../../../src/libjasper/include -I/opt/include -I/opt/include -MT bmp_dec.lo -MD -MP -MF .deps/bmp_dec.Tpo -c bmp_dec.c  -DDLL_EXPORT -DPIC -o .libs/bmp_dec.o
 x86_64-w64-mingw32-gcc -DHAVE_CONFIG_H -I. -I. -I../../../src/libjasper/include/jasper -I../../../src/libjasper/include -I/opt/include -I/opt/include -MT bmp_dec.lo -MD -MP -MF .deps/bmp_dec.Tpo -c bmp_dec.c -o bmp_dec.o >/dev/null 2>&1
if /bin/sh ../../../libtool --tag=CC --mode=compile x86_64-w64-mingw32-gcc -DHAVE_CONFIG_H -I. -I. -I../../../src/libjasper/include/jasper -I../../../src/libjasper/include  -I/opt/include  -I/opt/include -MT bmp_enc.lo -MD -MP -MF ".deps/bmp_enc.Tpo" -c -o bmp_enc.lo bmp_enc.c; \
	then mv -f ".deps/bmp_enc.Tpo" ".deps/bmp_enc.Plo"; else rm -f ".deps/bmp_enc.Tpo"; exit 1; fi
 x86_64-w64-mingw32-gcc -DHAVE_CONFIG_H -I. -I. -I../../../src/libjasper/include/jasper -I../../../src/libjasper/include -I/opt/include -I/opt/include -MT bmp_enc.lo -MD -MP -MF .deps/bmp_enc.Tpo -c bmp_enc.c  -DDLL_EXPORT -DPIC -o .libs/bmp_enc.o
 x86_64-w64-mingw32-gcc -DHAVE_CONFIG_H -I. -I. -I../../../src/libjasper/include/jasper -I../../../src/libjasper/include -I/opt/include -I/opt/include -MT bmp_enc.lo -MD -MP -MF .deps/bmp_enc.Tpo -c bmp_enc.c -o bmp_enc.o >/dev/null 2>&1
/bin/sh ../../../libtool --tag=CC --mode=link x86_64-w64-mingw32-gcc  -I/opt/include  -L/opt/lib -o libbmp.la   bmp_cod.lo bmp_dec.lo bmp_enc.lo  -lm  -ljpeg
ar cru .libs/libbmp.a .libs/bmp_cod.o .libs/bmp_dec.o .libs/bmp_enc.o
ranlib .libs/libbmp.a
creating libbmp.la
(cd .libs && rm -f libbmp.la && ln -s ../libbmp.la libbmp.la)
make[3]: Leaving directory `/home/Administrateur/42_libjasper/jasper-1.900.1/src/libjasper/bmp'
Making all in jp2
make[3]: Entering directory `/home/Administrateur/42_libjasper/jasper-1.900.1/src/libjasper/jp2'
if /bin/sh ../../../libtool --tag=CC --mode=compile x86_64-w64-mingw32-gcc -DHAVE_CONFIG_H -I. -I. -I../../../src/libjasper/include/jasper -I../../../src/libjasper/include  -I/opt/include  -I/opt/include -MT jp2_cod.lo -MD -MP -MF ".deps/jp2_cod.Tpo" -c -o jp2_cod.lo jp2_cod.c; \
	then mv -f ".deps/jp2_cod.Tpo" ".deps/jp2_cod.Plo"; else rm -f ".deps/jp2_cod.Tpo"; exit 1; fi
mkdir .libs
 x86_64-w64-mingw32-gcc -DHAVE_CONFIG_H -I. -I. -I../../../src/libjasper/include/jasper -I../../../src/libjasper/include -I/opt/include -I/opt/include -MT jp2_cod.lo -MD -MP -MF .deps/jp2_cod.Tpo -c jp2_cod.c  -DDLL_EXPORT -DPIC -o .libs/jp2_cod.o
 x86_64-w64-mingw32-gcc -DHAVE_CONFIG_H -I. -I. -I../../../src/libjasper/include/jasper -I../../../src/libjasper/include -I/opt/include -I/opt/include -MT jp2_cod.lo -MD -MP -MF .deps/jp2_cod.Tpo -c jp2_cod.c -o jp2_cod.o >/dev/null 2>&1
if /bin/sh ../../../libtool --tag=CC --mode=compile x86_64-w64-mingw32-gcc -DHAVE_CONFIG_H -I. -I. -I../../../src/libjasper/include/jasper -I../../../src/libjasper/include  -I/opt/include  -I/opt/include -MT jp2_dec.lo -MD -MP -MF ".deps/jp2_dec.Tpo" -c -o jp2_dec.lo jp2_dec.c; \
	then mv -f ".deps/jp2_dec.Tpo" ".deps/jp2_dec.Plo"; else rm -f ".deps/jp2_dec.Tpo"; exit 1; fi
 x86_64-w64-mingw32-gcc -DHAVE_CONFIG_H -I. -I. -I../../../src/libjasper/include/jasper -I../../../src/libjasper/include -I/opt/include -I/opt/include -MT jp2_dec.lo -MD -MP -MF .deps/jp2_dec.Tpo -c jp2_dec.c  -DDLL_EXPORT -DPIC -o .libs/jp2_dec.o
 x86_64-w64-mingw32-gcc -DHAVE_CONFIG_H -I. -I. -I../../../src/libjasper/include/jasper -I../../../src/libjasper/include -I/opt/include -I/opt/include -MT jp2_dec.lo -MD -MP -MF .deps/jp2_dec.Tpo -c jp2_dec.c -o jp2_dec.o >/dev/null 2>&1
if /bin/sh ../../../libtool --tag=CC --mode=compile x86_64-w64-mingw32-gcc -DHAVE_CONFIG_H -I. -I. -I../../../src/libjasper/include/jasper -I../../../src/libjasper/include  -I/opt/include  -I/opt/include -MT jp2_enc.lo -MD -MP -MF ".deps/jp2_enc.Tpo" -c -o jp2_enc.lo jp2_enc.c; \
	then mv -f ".deps/jp2_enc.Tpo" ".deps/jp2_enc.Plo"; else rm -f ".deps/jp2_enc.Tpo"; exit 1; fi
 x86_64-w64-mingw32-gcc -DHAVE_CONFIG_H -I. -I. -I../../../src/libjasper/include/jasper -I../../../src/libjasper/include -I/opt/include -I/opt/include -MT jp2_enc.lo -MD -MP -MF .deps/jp2_enc.Tpo -c jp2_enc.c  -DDLL_EXPORT -DPIC -o .libs/jp2_enc.o
 x86_64-w64-mingw32-gcc -DHAVE_CONFIG_H -I. -I. -I../../../src/libjasper/include/jasper -I../../../src/libjasper/include -I/opt/include -I/opt/include -MT jp2_enc.lo -MD -MP -MF .deps/jp2_enc.Tpo -c jp2_enc.c -o jp2_enc.o >/dev/null 2>&1
/bin/sh ../../../libtool --tag=CC --mode=link x86_64-w64-mingw32-gcc  -I/opt/include  -L/opt/lib -o libjp2.la   jp2_cod.lo jp2_dec.lo jp2_enc.lo  -lm  -ljpeg
ar cru .libs/libjp2.a .libs/jp2_cod.o .libs/jp2_dec.o .libs/jp2_enc.o
ranlib .libs/libjp2.a
creating libjp2.la
(cd .libs && rm -f libjp2.la && ln -s ../libjp2.la libjp2.la)
make[3]: Leaving directory `/home/Administrateur/42_libjasper/jasper-1.900.1/src/libjasper/jp2'
Making all in jpc
make[3]: Entering directory `/home/Administrateur/42_libjasper/jasper-1.900.1/src/libjasper/jpc'
if /bin/sh ../../../libtool --tag=CC --mode=compile x86_64-w64-mingw32-gcc -DHAVE_CONFIG_H -I. -I. -I../../../src/libjasper/include/jasper -I../../../src/libjasper/include  -I/opt/include  -I/opt/include -MT jpc_bs.lo -MD -MP -MF ".deps/jpc_bs.Tpo" -c -o jpc_bs.lo jpc_bs.c; \
	then mv -f ".deps/jpc_bs.Tpo" ".deps/jpc_bs.Plo"; else rm -f ".deps/jpc_bs.Tpo"; exit 1; fi
mkdir .libs
 x86_64-w64-mingw32-gcc -DHAVE_CONFIG_H -I. -I. -I../../../src/libjasper/include/jasper -I../../../src/libjasper/include -I/opt/include -I/opt/include -MT jpc_bs.lo -MD -MP -MF .deps/jpc_bs.Tpo -c jpc_bs.c  -DDLL_EXPORT -DPIC -o .libs/jpc_bs.o
 x86_64-w64-mingw32-gcc -DHAVE_CONFIG_H -I. -I. -I../../../src/libjasper/include/jasper -I../../../src/libjasper/include -I/opt/include -I/opt/include -MT jpc_bs.lo -MD -MP -MF .deps/jpc_bs.Tpo -c jpc_bs.c -o jpc_bs.o >/dev/null 2>&1
if /bin/sh ../../../libtool --tag=CC --mode=compile x86_64-w64-mingw32-gcc -DHAVE_CONFIG_H -I. -I. -I../../../src/libjasper/include/jasper -I../../../src/libjasper/include  -I/opt/include  -I/opt/include -MT jpc_cs.lo -MD -MP -MF ".deps/jpc_cs.Tpo" -c -o jpc_cs.lo jpc_cs.c; \
	then mv -f ".deps/jpc_cs.Tpo" ".deps/jpc_cs.Plo"; else rm -f ".deps/jpc_cs.Tpo"; exit 1; fi
 x86_64-w64-mingw32-gcc -DHAVE_CONFIG_H -I. -I. -I../../../src/libjasper/include/jasper -I../../../src/libjasper/include -I/opt/include -I/opt/include -MT jpc_cs.lo -MD -MP -MF .deps/jpc_cs.Tpo -c jpc_cs.c  -DDLL_EXPORT -DPIC -o .libs/jpc_cs.o
 x86_64-w64-mingw32-gcc -DHAVE_CONFIG_H -I. -I. -I../../../src/libjasper/include/jasper -I../../../src/libjasper/include -I/opt/include -I/opt/include -MT jpc_cs.lo -MD -MP -MF .deps/jpc_cs.Tpo -c jpc_cs.c -o jpc_cs.o >/dev/null 2>&1
if /bin/sh ../../../libtool --tag=CC --mode=compile x86_64-w64-mingw32-gcc -DHAVE_CONFIG_H -I. -I. -I../../../src/libjasper/include/jasper -I../../../src/libjasper/include  -I/opt/include  -I/opt/include -MT jpc_dec.lo -MD -MP -MF ".deps/jpc_dec.Tpo" -c -o jpc_dec.lo jpc_dec.c; \
	then mv -f ".deps/jpc_dec.Tpo" ".deps/jpc_dec.Plo"; else rm -f ".deps/jpc_dec.Tpo"; exit 1; fi
 x86_64-w64-mingw32-gcc -DHAVE_CONFIG_H -I. -I. -I../../../src/libjasper/include/jasper -I../../../src/libjasper/include -I/opt/include -I/opt/include -MT jpc_dec.lo -MD -MP -MF .deps/jpc_dec.Tpo -c jpc_dec.c  -DDLL_EXPORT -DPIC -o .libs/jpc_dec.o
 x86_64-w64-mingw32-gcc -DHAVE_CONFIG_H -I. -I. -I../../../src/libjasper/include/jasper -I../../../src/libjasper/include -I/opt/include -I/opt/include -MT jpc_dec.lo -MD -MP -MF .deps/jpc_dec.Tpo -c jpc_dec.c -o jpc_dec.o >/dev/null 2>&1
if /bin/sh ../../../libtool --tag=CC --mode=compile x86_64-w64-mingw32-gcc -DHAVE_CONFIG_H -I. -I. -I../../../src/libjasper/include/jasper -I../../../src/libjasper/include  -I/opt/include  -I/opt/include -MT jpc_enc.lo -MD -MP -MF ".deps/jpc_enc.Tpo" -c -o jpc_enc.lo jpc_enc.c; \
	then mv -f ".deps/jpc_enc.Tpo" ".deps/jpc_enc.Plo"; else rm -f ".deps/jpc_enc.Tpo"; exit 1; fi
 x86_64-w64-mingw32-gcc -DHAVE_CONFIG_H -I. -I. -I../../../src/libjasper/include/jasper -I../../../src/libjasper/include -I/opt/include -I/opt/include -MT jpc_enc.lo -MD -MP -MF .deps/jpc_enc.Tpo -c jpc_enc.c  -DDLL_EXPORT -DPIC -o .libs/jpc_enc.o
 x86_64-w64-mingw32-gcc -DHAVE_CONFIG_H -I. -I. -I../../../src/libjasper/include/jasper -I../../../src/libjasper/include -I/opt/include -I/opt/include -MT jpc_enc.lo -MD -MP -MF .deps/jpc_enc.Tpo -c jpc_enc.c -o jpc_enc.o >/dev/null 2>&1
if /bin/sh ../../../libtool --tag=CC --mode=compile x86_64-w64-mingw32-gcc -DHAVE_CONFIG_H -I. -I. -I../../../src/libjasper/include/jasper -I../../../src/libjasper/include  -I/opt/include  -I/opt/include -MT jpc_math.lo -MD -MP -MF ".deps/jpc_math.Tpo" -c -o jpc_math.lo jpc_math.c; \
	then mv -f ".deps/jpc_math.Tpo" ".deps/jpc_math.Plo"; else rm -f ".deps/jpc_math.Tpo"; exit 1; fi
 x86_64-w64-mingw32-gcc -DHAVE_CONFIG_H -I. -I. -I../../../src/libjasper/include/jasper -I../../../src/libjasper/include -I/opt/include -I/opt/include -MT jpc_math.lo -MD -MP -MF .deps/jpc_math.Tpo -c jpc_math.c  -DDLL_EXPORT -DPIC -o .libs/jpc_math.o
 x86_64-w64-mingw32-gcc -DHAVE_CONFIG_H -I. -I. -I../../../src/libjasper/include/jasper -I../../../src/libjasper/include -I/opt/include -I/opt/include -MT jpc_math.lo -MD -MP -MF .deps/jpc_math.Tpo -c jpc_math.c -o jpc_math.o >/dev/null 2>&1
if /bin/sh ../../../libtool --tag=CC --mode=compile x86_64-w64-mingw32-gcc -DHAVE_CONFIG_H -I. -I. -I../../../src/libjasper/include/jasper -I../../../src/libjasper/include  -I/opt/include  -I/opt/include -MT jpc_mct.lo -MD -MP -MF ".deps/jpc_mct.Tpo" -c -o jpc_mct.lo jpc_mct.c; \
	then mv -f ".deps/jpc_mct.Tpo" ".deps/jpc_mct.Plo"; else rm -f ".deps/jpc_mct.Tpo"; exit 1; fi
 x86_64-w64-mingw32-gcc -DHAVE_CONFIG_H -I. -I. -I../../../src/libjasper/include/jasper -I../../../src/libjasper/include -I/opt/include -I/opt/include -MT jpc_mct.lo -MD -MP -MF .deps/jpc_mct.Tpo -c jpc_mct.c  -DDLL_EXPORT -DPIC -o .libs/jpc_mct.o
 x86_64-w64-mingw32-gcc -DHAVE_CONFIG_H -I. -I. -I../../../src/libjasper/include/jasper -I../../../src/libjasper/include -I/opt/include -I/opt/include -MT jpc_mct.lo -MD -MP -MF .deps/jpc_mct.Tpo -c jpc_mct.c -o jpc_mct.o >/dev/null 2>&1
if /bin/sh ../../../libtool --tag=CC --mode=compile x86_64-w64-mingw32-gcc -DHAVE_CONFIG_H -I. -I. -I../../../src/libjasper/include/jasper -I../../../src/libjasper/include  -I/opt/include  -I/opt/include -MT jpc_mqcod.lo -MD -MP -MF ".deps/jpc_mqcod.Tpo" -c -o jpc_mqcod.lo jpc_mqcod.c; \
	then mv -f ".deps/jpc_mqcod.Tpo" ".deps/jpc_mqcod.Plo"; else rm -f ".deps/jpc_mqcod.Tpo"; exit 1; fi
 x86_64-w64-mingw32-gcc -DHAVE_CONFIG_H -I. -I. -I../../../src/libjasper/include/jasper -I../../../src/libjasper/include -I/opt/include -I/opt/include -MT jpc_mqcod.lo -MD -MP -MF .deps/jpc_mqcod.Tpo -c jpc_mqcod.c  -DDLL_EXPORT -DPIC -o .libs/jpc_mqcod.o
 x86_64-w64-mingw32-gcc -DHAVE_CONFIG_H -I. -I. -I../../../src/libjasper/include/jasper -I../../../src/libjasper/include -I/opt/include -I/opt/include -MT jpc_mqcod.lo -MD -MP -MF .deps/jpc_mqcod.Tpo -c jpc_mqcod.c -o jpc_mqcod.o >/dev/null 2>&1
if /bin/sh ../../../libtool --tag=CC --mode=compile x86_64-w64-mingw32-gcc -DHAVE_CONFIG_H -I. -I. -I../../../src/libjasper/include/jasper -I../../../src/libjasper/include  -I/opt/include  -I/opt/include -MT jpc_mqdec.lo -MD -MP -MF ".deps/jpc_mqdec.Tpo" -c -o jpc_mqdec.lo jpc_mqdec.c; \
	then mv -f ".deps/jpc_mqdec.Tpo" ".deps/jpc_mqdec.Plo"; else rm -f ".deps/jpc_mqdec.Tpo"; exit 1; fi
 x86_64-w64-mingw32-gcc -DHAVE_CONFIG_H -I. -I. -I../../../src/libjasper/include/jasper -I../../../src/libjasper/include -I/opt/include -I/opt/include -MT jpc_mqdec.lo -MD -MP -MF .deps/jpc_mqdec.Tpo -c jpc_mqdec.c  -DDLL_EXPORT -DPIC -o .libs/jpc_mqdec.o
 x86_64-w64-mingw32-gcc -DHAVE_CONFIG_H -I. -I. -I../../../src/libjasper/include/jasper -I../../../src/libjasper/include -I/opt/include -I/opt/include -MT jpc_mqdec.lo -MD -MP -MF .deps/jpc_mqdec.Tpo -c jpc_mqdec.c -o jpc_mqdec.o >/dev/null 2>&1
if /bin/sh ../../../libtool --tag=CC --mode=compile x86_64-w64-mingw32-gcc -DHAVE_CONFIG_H -I. -I. -I../../../src/libjasper/include/jasper -I../../../src/libjasper/include  -I/opt/include  -I/opt/include -MT jpc_mqenc.lo -MD -MP -MF ".deps/jpc_mqenc.Tpo" -c -o jpc_mqenc.lo jpc_mqenc.c; \
	then mv -f ".deps/jpc_mqenc.Tpo" ".deps/jpc_mqenc.Plo"; else rm -f ".deps/jpc_mqenc.Tpo"; exit 1; fi
 x86_64-w64-mingw32-gcc -DHAVE_CONFIG_H -I. -I. -I../../../src/libjasper/include/jasper -I../../../src/libjasper/include -I/opt/include -I/opt/include -MT jpc_mqenc.lo -MD -MP -MF .deps/jpc_mqenc.Tpo -c jpc_mqenc.c  -DDLL_EXPORT -DPIC -o .libs/jpc_mqenc.o
 x86_64-w64-mingw32-gcc -DHAVE_CONFIG_H -I. -I. -I../../../src/libjasper/include/jasper -I../../../src/libjasper/include -I/opt/include -I/opt/include -MT jpc_mqenc.lo -MD -MP -MF .deps/jpc_mqenc.Tpo -c jpc_mqenc.c -o jpc_mqenc.o >/dev/null 2>&1
if /bin/sh ../../../libtool --tag=CC --mode=compile x86_64-w64-mingw32-gcc -DHAVE_CONFIG_H -I. -I. -I../../../src/libjasper/include/jasper -I../../../src/libjasper/include  -I/opt/include  -I/opt/include -MT jpc_qmfb.lo -MD -MP -MF ".deps/jpc_qmfb.Tpo" -c -o jpc_qmfb.lo jpc_qmfb.c; \
	then mv -f ".deps/jpc_qmfb.Tpo" ".deps/jpc_qmfb.Plo"; else rm -f ".deps/jpc_qmfb.Tpo"; exit 1; fi
 x86_64-w64-mingw32-gcc -DHAVE_CONFIG_H -I. -I. -I../../../src/libjasper/include/jasper -I../../../src/libjasper/include -I/opt/include -I/opt/include -MT jpc_qmfb.lo -MD -MP -MF .deps/jpc_qmfb.Tpo -c jpc_qmfb.c  -DDLL_EXPORT -DPIC -o .libs/jpc_qmfb.o
 x86_64-w64-mingw32-gcc -DHAVE_CONFIG_H -I. -I. -I../../../src/libjasper/include/jasper -I../../../src/libjasper/include -I/opt/include -I/opt/include -MT jpc_qmfb.lo -MD -MP -MF .deps/jpc_qmfb.Tpo -c jpc_qmfb.c -o jpc_qmfb.o >/dev/null 2>&1
if /bin/sh ../../../libtool --tag=CC --mode=compile x86_64-w64-mingw32-gcc -DHAVE_CONFIG_H -I. -I. -I../../../src/libjasper/include/jasper -I../../../src/libjasper/include  -I/opt/include  -I/opt/include -MT jpc_tagtree.lo -MD -MP -MF ".deps/jpc_tagtree.Tpo" -c -o jpc_tagtree.lo jpc_tagtree.c; \
	then mv -f ".deps/jpc_tagtree.Tpo" ".deps/jpc_tagtree.Plo"; else rm -f ".deps/jpc_tagtree.Tpo"; exit 1; fi
 x86_64-w64-mingw32-gcc -DHAVE_CONFIG_H -I. -I. -I../../../src/libjasper/include/jasper -I../../../src/libjasper/include -I/opt/include -I/opt/include -MT jpc_tagtree.lo -MD -MP -MF .deps/jpc_tagtree.Tpo -c jpc_tagtree.c  -DDLL_EXPORT -DPIC -o .libs/jpc_tagtree.o
 x86_64-w64-mingw32-gcc -DHAVE_CONFIG_H -I. -I. -I../../../src/libjasper/include/jasper -I../../../src/libjasper/include -I/opt/include -I/opt/include -MT jpc_tagtree.lo -MD -MP -MF .deps/jpc_tagtree.Tpo -c jpc_tagtree.c -o jpc_tagtree.o >/dev/null 2>&1
if /bin/sh ../../../libtool --tag=CC --mode=compile x86_64-w64-mingw32-gcc -DHAVE_CONFIG_H -I. -I. -I../../../src/libjasper/include/jasper -I../../../src/libjasper/include  -I/opt/include  -I/opt/include -MT jpc_t1cod.lo -MD -MP -MF ".deps/jpc_t1cod.Tpo" -c -o jpc_t1cod.lo jpc_t1cod.c; \
	then mv -f ".deps/jpc_t1cod.Tpo" ".deps/jpc_t1cod.Plo"; else rm -f ".deps/jpc_t1cod.Tpo"; exit 1; fi
 x86_64-w64-mingw32-gcc -DHAVE_CONFIG_H -I. -I. -I../../../src/libjasper/include/jasper -I../../../src/libjasper/include -I/opt/include -I/opt/include -MT jpc_t1cod.lo -MD -MP -MF .deps/jpc_t1cod.Tpo -c jpc_t1cod.c  -DDLL_EXPORT -DPIC -o .libs/jpc_t1cod.o
 x86_64-w64-mingw32-gcc -DHAVE_CONFIG_H -I. -I. -I../../../src/libjasper/include/jasper -I../../../src/libjasper/include -I/opt/include -I/opt/include -MT jpc_t1cod.lo -MD -MP -MF .deps/jpc_t1cod.Tpo -c jpc_t1cod.c -o jpc_t1cod.o >/dev/null 2>&1
if /bin/sh ../../../libtool --tag=CC --mode=compile x86_64-w64-mingw32-gcc -DHAVE_CONFIG_H -I. -I. -I../../../src/libjasper/include/jasper -I../../../src/libjasper/include  -I/opt/include  -I/opt/include -MT jpc_t1dec.lo -MD -MP -MF ".deps/jpc_t1dec.Tpo" -c -o jpc_t1dec.lo jpc_t1dec.c; \
	then mv -f ".deps/jpc_t1dec.Tpo" ".deps/jpc_t1dec.Plo"; else rm -f ".deps/jpc_t1dec.Tpo"; exit 1; fi
 x86_64-w64-mingw32-gcc -DHAVE_CONFIG_H -I. -I. -I../../../src/libjasper/include/jasper -I../../../src/libjasper/include -I/opt/include -I/opt/include -MT jpc_t1dec.lo -MD -MP -MF .deps/jpc_t1dec.Tpo -c jpc_t1dec.c  -DDLL_EXPORT -DPIC -o .libs/jpc_t1dec.o
 x86_64-w64-mingw32-gcc -DHAVE_CONFIG_H -I. -I. -I../../../src/libjasper/include/jasper -I../../../src/libjasper/include -I/opt/include -I/opt/include -MT jpc_t1dec.lo -MD -MP -MF .deps/jpc_t1dec.Tpo -c jpc_t1dec.c -o jpc_t1dec.o >/dev/null 2>&1
if /bin/sh ../../../libtool --tag=CC --mode=compile x86_64-w64-mingw32-gcc -DHAVE_CONFIG_H -I. -I. -I../../../src/libjasper/include/jasper -I../../../src/libjasper/include  -I/opt/include  -I/opt/include -MT jpc_t1enc.lo -MD -MP -MF ".deps/jpc_t1enc.Tpo" -c -o jpc_t1enc.lo jpc_t1enc.c; \
	then mv -f ".deps/jpc_t1enc.Tpo" ".deps/jpc_t1enc.Plo"; else rm -f ".deps/jpc_t1enc.Tpo"; exit 1; fi
 x86_64-w64-mingw32-gcc -DHAVE_CONFIG_H -I. -I. -I../../../src/libjasper/include/jasper -I../../../src/libjasper/include -I/opt/include -I/opt/include -MT jpc_t1enc.lo -MD -MP -MF .deps/jpc_t1enc.Tpo -c jpc_t1enc.c  -DDLL_EXPORT -DPIC -o .libs/jpc_t1enc.o
 x86_64-w64-mingw32-gcc -DHAVE_CONFIG_H -I. -I. -I../../../src/libjasper/include/jasper -I../../../src/libjasper/include -I/opt/include -I/opt/include -MT jpc_t1enc.lo -MD -MP -MF .deps/jpc_t1enc.Tpo -c jpc_t1enc.c -o jpc_t1enc.o >/dev/null 2>&1
if /bin/sh ../../../libtool --tag=CC --mode=compile x86_64-w64-mingw32-gcc -DHAVE_CONFIG_H -I. -I. -I../../../src/libjasper/include/jasper -I../../../src/libjasper/include  -I/opt/include  -I/opt/include -MT jpc_tsfb.lo -MD -MP -MF ".deps/jpc_tsfb.Tpo" -c -o jpc_tsfb.lo jpc_tsfb.c; \
	then mv -f ".deps/jpc_tsfb.Tpo" ".deps/jpc_tsfb.Plo"; else rm -f ".deps/jpc_tsfb.Tpo"; exit 1; fi
 x86_64-w64-mingw32-gcc -DHAVE_CONFIG_H -I. -I. -I../../../src/libjasper/include/jasper -I../../../src/libjasper/include -I/opt/include -I/opt/include -MT jpc_tsfb.lo -MD -MP -MF .deps/jpc_tsfb.Tpo -c jpc_tsfb.c  -DDLL_EXPORT -DPIC -o .libs/jpc_tsfb.o
 x86_64-w64-mingw32-gcc -DHAVE_CONFIG_H -I. -I. -I../../../src/libjasper/include/jasper -I../../../src/libjasper/include -I/opt/include -I/opt/include -MT jpc_tsfb.lo -MD -MP -MF .deps/jpc_tsfb.Tpo -c jpc_tsfb.c -o jpc_tsfb.o >/dev/null 2>&1
if /bin/sh ../../../libtool --tag=CC --mode=compile x86_64-w64-mingw32-gcc -DHAVE_CONFIG_H -I. -I. -I../../../src/libjasper/include/jasper -I../../../src/libjasper/include  -I/opt/include  -I/opt/include -MT jpc_t2cod.lo -MD -MP -MF ".deps/jpc_t2cod.Tpo" -c -o jpc_t2cod.lo jpc_t2cod.c; \
	then mv -f ".deps/jpc_t2cod.Tpo" ".deps/jpc_t2cod.Plo"; else rm -f ".deps/jpc_t2cod.Tpo"; exit 1; fi
 x86_64-w64-mingw32-gcc -DHAVE_CONFIG_H -I. -I. -I../../../src/libjasper/include/jasper -I../../../src/libjasper/include -I/opt/include -I/opt/include -MT jpc_t2cod.lo -MD -MP -MF .deps/jpc_t2cod.Tpo -c jpc_t2cod.c  -DDLL_EXPORT -DPIC -o .libs/jpc_t2cod.o
 x86_64-w64-mingw32-gcc -DHAVE_CONFIG_H -I. -I. -I../../../src/libjasper/include/jasper -I../../../src/libjasper/include -I/opt/include -I/opt/include -MT jpc_t2cod.lo -MD -MP -MF .deps/jpc_t2cod.Tpo -c jpc_t2cod.c -o jpc_t2cod.o >/dev/null 2>&1
if /bin/sh ../../../libtool --tag=CC --mode=compile x86_64-w64-mingw32-gcc -DHAVE_CONFIG_H -I. -I. -I../../../src/libjasper/include/jasper -I../../../src/libjasper/include  -I/opt/include  -I/opt/include -MT jpc_t2dec.lo -MD -MP -MF ".deps/jpc_t2dec.Tpo" -c -o jpc_t2dec.lo jpc_t2dec.c; \
	then mv -f ".deps/jpc_t2dec.Tpo" ".deps/jpc_t2dec.Plo"; else rm -f ".deps/jpc_t2dec.Tpo"; exit 1; fi
 x86_64-w64-mingw32-gcc -DHAVE_CONFIG_H -I. -I. -I../../../src/libjasper/include/jasper -I../../../src/libjasper/include -I/opt/include -I/opt/include -MT jpc_t2dec.lo -MD -MP -MF .deps/jpc_t2dec.Tpo -c jpc_t2dec.c  -DDLL_EXPORT -DPIC -o .libs/jpc_t2dec.o
 x86_64-w64-mingw32-gcc -DHAVE_CONFIG_H -I. -I. -I../../../src/libjasper/include/jasper -I../../../src/libjasper/include -I/opt/include -I/opt/include -MT jpc_t2dec.lo -MD -MP -MF .deps/jpc_t2dec.Tpo -c jpc_t2dec.c -o jpc_t2dec.o >/dev/null 2>&1
if /bin/sh ../../../libtool --tag=CC --mode=compile x86_64-w64-mingw32-gcc -DHAVE_CONFIG_H -I. -I. -I../../../src/libjasper/include/jasper -I../../../src/libjasper/include  -I/opt/include  -I/opt/include -MT jpc_t2enc.lo -MD -MP -MF ".deps/jpc_t2enc.Tpo" -c -o jpc_t2enc.lo jpc_t2enc.c; \
	then mv -f ".deps/jpc_t2enc.Tpo" ".deps/jpc_t2enc.Plo"; else rm -f ".deps/jpc_t2enc.Tpo"; exit 1; fi
 x86_64-w64-mingw32-gcc -DHAVE_CONFIG_H -I. -I. -I../../../src/libjasper/include/jasper -I../../../src/libjasper/include -I/opt/include -I/opt/include -MT jpc_t2enc.lo -MD -MP -MF .deps/jpc_t2enc.Tpo -c jpc_t2enc.c  -DDLL_EXPORT -DPIC -o .libs/jpc_t2enc.o
 x86_64-w64-mingw32-gcc -DHAVE_CONFIG_H -I. -I. -I../../../src/libjasper/include/jasper -I../../../src/libjasper/include -I/opt/include -I/opt/include -MT jpc_t2enc.lo -MD -MP -MF .deps/jpc_t2enc.Tpo -c jpc_t2enc.c -o jpc_t2enc.o >/dev/null 2>&1
if /bin/sh ../../../libtool --tag=CC --mode=compile x86_64-w64-mingw32-gcc -DHAVE_CONFIG_H -I. -I. -I../../../src/libjasper/include/jasper -I../../../src/libjasper/include  -I/opt/include  -I/opt/include -MT jpc_util.lo -MD -MP -MF ".deps/jpc_util.Tpo" -c -o jpc_util.lo jpc_util.c; \
	then mv -f ".deps/jpc_util.Tpo" ".deps/jpc_util.Plo"; else rm -f ".deps/jpc_util.Tpo"; exit 1; fi
 x86_64-w64-mingw32-gcc -DHAVE_CONFIG_H -I. -I. -I../../../src/libjasper/include/jasper -I../../../src/libjasper/include -I/opt/include -I/opt/include -MT jpc_util.lo -MD -MP -MF .deps/jpc_util.Tpo -c jpc_util.c  -DDLL_EXPORT -DPIC -o .libs/jpc_util.o
 x86_64-w64-mingw32-gcc -DHAVE_CONFIG_H -I. -I. -I../../../src/libjasper/include/jasper -I../../../src/libjasper/include -I/opt/include -I/opt/include -MT jpc_util.lo -MD -MP -MF .deps/jpc_util.Tpo -c jpc_util.c -o jpc_util.o >/dev/null 2>&1
/bin/sh ../../../libtool --tag=CC --mode=link x86_64-w64-mingw32-gcc  -I/opt/include  -L/opt/lib -o libjpc.la   jpc_bs.lo jpc_cs.lo jpc_dec.lo jpc_enc.lo jpc_math.lo jpc_mct.lo jpc_mqcod.lo jpc_mqdec.lo jpc_mqenc.lo jpc_qmfb.lo jpc_tagtree.lo jpc_t1cod.lo jpc_t1dec.lo jpc_t1enc.lo jpc_tsfb.lo jpc_t2cod.lo jpc_t2dec.lo jpc_t2enc.lo jpc_util.lo  -lm  -ljpeg
ar cru .libs/libjpc.a .libs/jpc_bs.o .libs/jpc_cs.o .libs/jpc_dec.o .libs/jpc_enc.o .libs/jpc_math.o .libs/jpc_mct.o .libs/jpc_mqcod.o .libs/jpc_mqdec.o .libs/jpc_mqenc.o .libs/jpc_qmfb.o .libs/jpc_tagtree.o .libs/jpc_t1cod.o .libs/jpc_t1dec.o .libs/jpc_t1enc.o .libs/jpc_tsfb.o .libs/jpc_t2cod.o .libs/jpc_t2dec.o .libs/jpc_t2enc.o .libs/jpc_util.o
ranlib .libs/libjpc.a
creating libjpc.la
(cd .libs && rm -f libjpc.la && ln -s ../libjpc.la libjpc.la)
make[3]: Leaving directory `/home/Administrateur/42_libjasper/jasper-1.900.1/src/libjasper/jpc'
Making all in jpg
make[3]: Entering directory `/home/Administrateur/42_libjasper/jasper-1.900.1/src/libjasper/jpg'
if /bin/sh ../../../libtool --tag=CC --mode=compile x86_64-w64-mingw32-gcc -DHAVE_CONFIG_H -I. -I. -I../../../src/libjasper/include/jasper -I../../../src/libjasper/include  -I/opt/include  -I/opt/include -MT jpg_dec.lo -MD -MP -MF ".deps/jpg_dec.Tpo" -c -o jpg_dec.lo jpg_dec.c; \
	then mv -f ".deps/jpg_dec.Tpo" ".deps/jpg_dec.Plo"; else rm -f ".deps/jpg_dec.Tpo"; exit 1; fi
mkdir .libs
 x86_64-w64-mingw32-gcc -DHAVE_CONFIG_H -I. -I. -I../../../src/libjasper/include/jasper -I../../../src/libjasper/include -I/opt/include -I/opt/include -MT jpg_dec.lo -MD -MP -MF .deps/jpg_dec.Tpo -c jpg_dec.c  -DDLL_EXPORT -DPIC -o .libs/jpg_dec.o
 x86_64-w64-mingw32-gcc -DHAVE_CONFIG_H -I. -I. -I../../../src/libjasper/include/jasper -I../../../src/libjasper/include -I/opt/include -I/opt/include -MT jpg_dec.lo -MD -MP -MF .deps/jpg_dec.Tpo -c jpg_dec.c -o jpg_dec.o >/dev/null 2>&1
if /bin/sh ../../../libtool --tag=CC --mode=compile x86_64-w64-mingw32-gcc -DHAVE_CONFIG_H -I. -I. -I../../../src/libjasper/include/jasper -I../../../src/libjasper/include  -I/opt/include  -I/opt/include -MT jpg_enc.lo -MD -MP -MF ".deps/jpg_enc.Tpo" -c -o jpg_enc.lo jpg_enc.c; \
	then mv -f ".deps/jpg_enc.Tpo" ".deps/jpg_enc.Plo"; else rm -f ".deps/jpg_enc.Tpo"; exit 1; fi
 x86_64-w64-mingw32-gcc -DHAVE_CONFIG_H -I. -I. -I../../../src/libjasper/include/jasper -I../../../src/libjasper/include -I/opt/include -I/opt/include -MT jpg_enc.lo -MD -MP -MF .deps/jpg_enc.Tpo -c jpg_enc.c  -DDLL_EXPORT -DPIC -o .libs/jpg_enc.o
 x86_64-w64-mingw32-gcc -DHAVE_CONFIG_H -I. -I. -I../../../src/libjasper/include/jasper -I../../../src/libjasper/include -I/opt/include -I/opt/include -MT jpg_enc.lo -MD -MP -MF .deps/jpg_enc.Tpo -c jpg_enc.c -o jpg_enc.o >/dev/null 2>&1
if /bin/sh ../../../libtool --tag=CC --mode=compile x86_64-w64-mingw32-gcc -DHAVE_CONFIG_H -I. -I. -I../../../src/libjasper/include/jasper -I../../../src/libjasper/include  -I/opt/include  -I/opt/include -MT jpg_val.lo -MD -MP -MF ".deps/jpg_val.Tpo" -c -o jpg_val.lo jpg_val.c; \
	then mv -f ".deps/jpg_val.Tpo" ".deps/jpg_val.Plo"; else rm -f ".deps/jpg_val.Tpo"; exit 1; fi
 x86_64-w64-mingw32-gcc -DHAVE_CONFIG_H -I. -I. -I../../../src/libjasper/include/jasper -I../../../src/libjasper/include -I/opt/include -I/opt/include -MT jpg_val.lo -MD -MP -MF .deps/jpg_val.Tpo -c jpg_val.c  -DDLL_EXPORT -DPIC -o .libs/jpg_val.o
 x86_64-w64-mingw32-gcc -DHAVE_CONFIG_H -I. -I. -I../../../src/libjasper/include/jasper -I../../../src/libjasper/include -I/opt/include -I/opt/include -MT jpg_val.lo -MD -MP -MF .deps/jpg_val.Tpo -c jpg_val.c -o jpg_val.o >/dev/null 2>&1
/bin/sh ../../../libtool --tag=CC --mode=link x86_64-w64-mingw32-gcc  -I/opt/include  -L/opt/lib -o libjpg.la   jpg_dec.lo jpg_enc.lo jpg_val.lo  -lm  -ljpeg
ar cru .libs/libjpg.a .libs/jpg_dec.o .libs/jpg_enc.o .libs/jpg_val.o
ranlib .libs/libjpg.a
creating libjpg.la
(cd .libs && rm -f libjpg.la && ln -s ../libjpg.la libjpg.la)
make[3]: Leaving directory `/home/Administrateur/42_libjasper/jasper-1.900.1/src/libjasper/jpg'
Making all in mif
make[3]: Entering directory `/home/Administrateur/42_libjasper/jasper-1.900.1/src/libjasper/mif'
if /bin/sh ../../../libtool --tag=CC --mode=compile x86_64-w64-mingw32-gcc -DHAVE_CONFIG_H -I. -I. -I../../../src/libjasper/include/jasper -I../../../src/libjasper/include  -I/opt/include  -I/opt/include -MT mif_cod.lo -MD -MP -MF ".deps/mif_cod.Tpo" -c -o mif_cod.lo mif_cod.c; \
	then mv -f ".deps/mif_cod.Tpo" ".deps/mif_cod.Plo"; else rm -f ".deps/mif_cod.Tpo"; exit 1; fi
mkdir .libs
 x86_64-w64-mingw32-gcc -DHAVE_CONFIG_H -I. -I. -I../../../src/libjasper/include/jasper -I../../../src/libjasper/include -I/opt/include -I/opt/include -MT mif_cod.lo -MD -MP -MF .deps/mif_cod.Tpo -c mif_cod.c  -DDLL_EXPORT -DPIC -o .libs/mif_cod.o
 x86_64-w64-mingw32-gcc -DHAVE_CONFIG_H -I. -I. -I../../../src/libjasper/include/jasper -I../../../src/libjasper/include -I/opt/include -I/opt/include -MT mif_cod.lo -MD -MP -MF .deps/mif_cod.Tpo -c mif_cod.c -o mif_cod.o >/dev/null 2>&1
/bin/sh ../../../libtool --tag=CC --mode=link x86_64-w64-mingw32-gcc  -I/opt/include  -L/opt/lib -o libmif.la   mif_cod.lo  -lm  -ljpeg
ar cru .libs/libmif.a .libs/mif_cod.o
ranlib .libs/libmif.a
creating libmif.la
(cd .libs && rm -f libmif.la && ln -s ../libmif.la libmif.la)
make[3]: Leaving directory `/home/Administrateur/42_libjasper/jasper-1.900.1/src/libjasper/mif'
Making all in pgx
make[3]: Entering directory `/home/Administrateur/42_libjasper/jasper-1.900.1/src/libjasper/pgx'
if /bin/sh ../../../libtool --tag=CC --mode=compile x86_64-w64-mingw32-gcc -DHAVE_CONFIG_H -I. -I. -I../../../src/libjasper/include/jasper -I../../../src/libjasper/include  -I/opt/include  -I/opt/include -MT pgx_cod.lo -MD -MP -MF ".deps/pgx_cod.Tpo" -c -o pgx_cod.lo pgx_cod.c; \
	then mv -f ".deps/pgx_cod.Tpo" ".deps/pgx_cod.Plo"; else rm -f ".deps/pgx_cod.Tpo"; exit 1; fi
mkdir .libs
 x86_64-w64-mingw32-gcc -DHAVE_CONFIG_H -I. -I. -I../../../src/libjasper/include/jasper -I../../../src/libjasper/include -I/opt/include -I/opt/include -MT pgx_cod.lo -MD -MP -MF .deps/pgx_cod.Tpo -c pgx_cod.c  -DDLL_EXPORT -DPIC -o .libs/pgx_cod.o
 x86_64-w64-mingw32-gcc -DHAVE_CONFIG_H -I. -I. -I../../../src/libjasper/include/jasper -I../../../src/libjasper/include -I/opt/include -I/opt/include -MT pgx_cod.lo -MD -MP -MF .deps/pgx_cod.Tpo -c pgx_cod.c -o pgx_cod.o >/dev/null 2>&1
if /bin/sh ../../../libtool --tag=CC --mode=compile x86_64-w64-mingw32-gcc -DHAVE_CONFIG_H -I. -I. -I../../../src/libjasper/include/jasper -I../../../src/libjasper/include  -I/opt/include  -I/opt/include -MT pgx_dec.lo -MD -MP -MF ".deps/pgx_dec.Tpo" -c -o pgx_dec.lo pgx_dec.c; \
	then mv -f ".deps/pgx_dec.Tpo" ".deps/pgx_dec.Plo"; else rm -f ".deps/pgx_dec.Tpo"; exit 1; fi
 x86_64-w64-mingw32-gcc -DHAVE_CONFIG_H -I. -I. -I../../../src/libjasper/include/jasper -I../../../src/libjasper/include -I/opt/include -I/opt/include -MT pgx_dec.lo -MD -MP -MF .deps/pgx_dec.Tpo -c pgx_dec.c  -DDLL_EXPORT -DPIC -o .libs/pgx_dec.o
 x86_64-w64-mingw32-gcc -DHAVE_CONFIG_H -I. -I. -I../../../src/libjasper/include/jasper -I../../../src/libjasper/include -I/opt/include -I/opt/include -MT pgx_dec.lo -MD -MP -MF .deps/pgx_dec.Tpo -c pgx_dec.c -o pgx_dec.o >/dev/null 2>&1
if /bin/sh ../../../libtool --tag=CC --mode=compile x86_64-w64-mingw32-gcc -DHAVE_CONFIG_H -I. -I. -I../../../src/libjasper/include/jasper -I../../../src/libjasper/include  -I/opt/include  -I/opt/include -MT pgx_enc.lo -MD -MP -MF ".deps/pgx_enc.Tpo" -c -o pgx_enc.lo pgx_enc.c; \
	then mv -f ".deps/pgx_enc.Tpo" ".deps/pgx_enc.Plo"; else rm -f ".deps/pgx_enc.Tpo"; exit 1; fi
 x86_64-w64-mingw32-gcc -DHAVE_CONFIG_H -I. -I. -I../../../src/libjasper/include/jasper -I../../../src/libjasper/include -I/opt/include -I/opt/include -MT pgx_enc.lo -MD -MP -MF .deps/pgx_enc.Tpo -c pgx_enc.c  -DDLL_EXPORT -DPIC -o .libs/pgx_enc.o
 x86_64-w64-mingw32-gcc -DHAVE_CONFIG_H -I. -I. -I../../../src/libjasper/include/jasper -I../../../src/libjasper/include -I/opt/include -I/opt/include -MT pgx_enc.lo -MD -MP -MF .deps/pgx_enc.Tpo -c pgx_enc.c -o pgx_enc.o >/dev/null 2>&1
/bin/sh ../../../libtool --tag=CC --mode=link x86_64-w64-mingw32-gcc  -I/opt/include  -L/opt/lib -o libpgx.la   pgx_cod.lo pgx_dec.lo pgx_enc.lo  -lm  -ljpeg
ar cru .libs/libpgx.a .libs/pgx_cod.o .libs/pgx_dec.o .libs/pgx_enc.o
ranlib .libs/libpgx.a
creating libpgx.la
(cd .libs && rm -f libpgx.la && ln -s ../libpgx.la libpgx.la)
make[3]: Leaving directory `/home/Administrateur/42_libjasper/jasper-1.900.1/src/libjasper/pgx'
Making all in pnm
make[3]: Entering directory `/home/Administrateur/42_libjasper/jasper-1.900.1/src/libjasper/pnm'
if /bin/sh ../../../libtool --tag=CC --mode=compile x86_64-w64-mingw32-gcc -DHAVE_CONFIG_H -I. -I. -I../../../src/libjasper/include/jasper -I../../../src/libjasper/include  -I/opt/include  -I/opt/include -MT pnm_cod.lo -MD -MP -MF ".deps/pnm_cod.Tpo" -c -o pnm_cod.lo pnm_cod.c; \
	then mv -f ".deps/pnm_cod.Tpo" ".deps/pnm_cod.Plo"; else rm -f ".deps/pnm_cod.Tpo"; exit 1; fi
mkdir .libs
 x86_64-w64-mingw32-gcc -DHAVE_CONFIG_H -I. -I. -I../../../src/libjasper/include/jasper -I../../../src/libjasper/include -I/opt/include -I/opt/include -MT pnm_cod.lo -MD -MP -MF .deps/pnm_cod.Tpo -c pnm_cod.c  -DDLL_EXPORT -DPIC -o .libs/pnm_cod.o
 x86_64-w64-mingw32-gcc -DHAVE_CONFIG_H -I. -I. -I../../../src/libjasper/include/jasper -I../../../src/libjasper/include -I/opt/include -I/opt/include -MT pnm_cod.lo -MD -MP -MF .deps/pnm_cod.Tpo -c pnm_cod.c -o pnm_cod.o >/dev/null 2>&1
if /bin/sh ../../../libtool --tag=CC --mode=compile x86_64-w64-mingw32-gcc -DHAVE_CONFIG_H -I. -I. -I../../../src/libjasper/include/jasper -I../../../src/libjasper/include  -I/opt/include  -I/opt/include -MT pnm_dec.lo -MD -MP -MF ".deps/pnm_dec.Tpo" -c -o pnm_dec.lo pnm_dec.c; \
	then mv -f ".deps/pnm_dec.Tpo" ".deps/pnm_dec.Plo"; else rm -f ".deps/pnm_dec.Tpo"; exit 1; fi
 x86_64-w64-mingw32-gcc -DHAVE_CONFIG_H -I. -I. -I../../../src/libjasper/include/jasper -I../../../src/libjasper/include -I/opt/include -I/opt/include -MT pnm_dec.lo -MD -MP -MF .deps/pnm_dec.Tpo -c pnm_dec.c  -DDLL_EXPORT -DPIC -o .libs/pnm_dec.o
 x86_64-w64-mingw32-gcc -DHAVE_CONFIG_H -I. -I. -I../../../src/libjasper/include/jasper -I../../../src/libjasper/include -I/opt/include -I/opt/include -MT pnm_dec.lo -MD -MP -MF .deps/pnm_dec.Tpo -c pnm_dec.c -o pnm_dec.o >/dev/null 2>&1
if /bin/sh ../../../libtool --tag=CC --mode=compile x86_64-w64-mingw32-gcc -DHAVE_CONFIG_H -I. -I. -I../../../src/libjasper/include/jasper -I../../../src/libjasper/include  -I/opt/include  -I/opt/include -MT pnm_enc.lo -MD -MP -MF ".deps/pnm_enc.Tpo" -c -o pnm_enc.lo pnm_enc.c; \
	then mv -f ".deps/pnm_enc.Tpo" ".deps/pnm_enc.Plo"; else rm -f ".deps/pnm_enc.Tpo"; exit 1; fi
 x86_64-w64-mingw32-gcc -DHAVE_CONFIG_H -I. -I. -I../../../src/libjasper/include/jasper -I../../../src/libjasper/include -I/opt/include -I/opt/include -MT pnm_enc.lo -MD -MP -MF .deps/pnm_enc.Tpo -c pnm_enc.c  -DDLL_EXPORT -DPIC -o .libs/pnm_enc.o
 x86_64-w64-mingw32-gcc -DHAVE_CONFIG_H -I. -I. -I../../../src/libjasper/include/jasper -I../../../src/libjasper/include -I/opt/include -I/opt/include -MT pnm_enc.lo -MD -MP -MF .deps/pnm_enc.Tpo -c pnm_enc.c -o pnm_enc.o >/dev/null 2>&1
/bin/sh ../../../libtool --tag=CC --mode=link x86_64-w64-mingw32-gcc  -I/opt/include  -L/opt/lib -o libpnm.la   pnm_cod.lo pnm_dec.lo pnm_enc.lo  -lm  -ljpeg
ar cru .libs/libpnm.a .libs/pnm_cod.o .libs/pnm_dec.o .libs/pnm_enc.o
ranlib .libs/libpnm.a
creating libpnm.la
(cd .libs && rm -f libpnm.la && ln -s ../libpnm.la libpnm.la)
make[3]: Leaving directory `/home/Administrateur/42_libjasper/jasper-1.900.1/src/libjasper/pnm'
Making all in ras
make[3]: Entering directory `/home/Administrateur/42_libjasper/jasper-1.900.1/src/libjasper/ras'
if /bin/sh ../../../libtool --tag=CC --mode=compile x86_64-w64-mingw32-gcc -DHAVE_CONFIG_H -I. -I. -I../../../src/libjasper/include/jasper -I../../../src/libjasper/include  -I/opt/include  -I/opt/include -MT ras_cod.lo -MD -MP -MF ".deps/ras_cod.Tpo" -c -o ras_cod.lo ras_cod.c; \
	then mv -f ".deps/ras_cod.Tpo" ".deps/ras_cod.Plo"; else rm -f ".deps/ras_cod.Tpo"; exit 1; fi
mkdir .libs
 x86_64-w64-mingw32-gcc -DHAVE_CONFIG_H -I. -I. -I../../../src/libjasper/include/jasper -I../../../src/libjasper/include -I/opt/include -I/opt/include -MT ras_cod.lo -MD -MP -MF .deps/ras_cod.Tpo -c ras_cod.c  -DDLL_EXPORT -DPIC -o .libs/ras_cod.o
 x86_64-w64-mingw32-gcc -DHAVE_CONFIG_H -I. -I. -I../../../src/libjasper/include/jasper -I../../../src/libjasper/include -I/opt/include -I/opt/include -MT ras_cod.lo -MD -MP -MF .deps/ras_cod.Tpo -c ras_cod.c -o ras_cod.o >/dev/null 2>&1
if /bin/sh ../../../libtool --tag=CC --mode=compile x86_64-w64-mingw32-gcc -DHAVE_CONFIG_H -I. -I. -I../../../src/libjasper/include/jasper -I../../../src/libjasper/include  -I/opt/include  -I/opt/include -MT ras_dec.lo -MD -MP -MF ".deps/ras_dec.Tpo" -c -o ras_dec.lo ras_dec.c; \
	then mv -f ".deps/ras_dec.Tpo" ".deps/ras_dec.Plo"; else rm -f ".deps/ras_dec.Tpo"; exit 1; fi
 x86_64-w64-mingw32-gcc -DHAVE_CONFIG_H -I. -I. -I../../../src/libjasper/include/jasper -I../../../src/libjasper/include -I/opt/include -I/opt/include -MT ras_dec.lo -MD -MP -MF .deps/ras_dec.Tpo -c ras_dec.c  -DDLL_EXPORT -DPIC -o .libs/ras_dec.o
 x86_64-w64-mingw32-gcc -DHAVE_CONFIG_H -I. -I. -I../../../src/libjasper/include/jasper -I../../../src/libjasper/include -I/opt/include -I/opt/include -MT ras_dec.lo -MD -MP -MF .deps/ras_dec.Tpo -c ras_dec.c -o ras_dec.o >/dev/null 2>&1
if /bin/sh ../../../libtool --tag=CC --mode=compile x86_64-w64-mingw32-gcc -DHAVE_CONFIG_H -I. -I. -I../../../src/libjasper/include/jasper -I../../../src/libjasper/include  -I/opt/include  -I/opt/include -MT ras_enc.lo -MD -MP -MF ".deps/ras_enc.Tpo" -c -o ras_enc.lo ras_enc.c; \
	then mv -f ".deps/ras_enc.Tpo" ".deps/ras_enc.Plo"; else rm -f ".deps/ras_enc.Tpo"; exit 1; fi
 x86_64-w64-mingw32-gcc -DHAVE_CONFIG_H -I. -I. -I../../../src/libjasper/include/jasper -I../../../src/libjasper/include -I/opt/include -I/opt/include -MT ras_enc.lo -MD -MP -MF .deps/ras_enc.Tpo -c ras_enc.c  -DDLL_EXPORT -DPIC -o .libs/ras_enc.o
 x86_64-w64-mingw32-gcc -DHAVE_CONFIG_H -I. -I. -I../../../src/libjasper/include/jasper -I../../../src/libjasper/include -I/opt/include -I/opt/include -MT ras_enc.lo -MD -MP -MF .deps/ras_enc.Tpo -c ras_enc.c -o ras_enc.o >/dev/null 2>&1
/bin/sh ../../../libtool --tag=CC --mode=link x86_64-w64-mingw32-gcc  -I/opt/include  -L/opt/lib -o libras.la   ras_cod.lo ras_dec.lo ras_enc.lo  -lm  -ljpeg
ar cru .libs/libras.a .libs/ras_cod.o .libs/ras_dec.o .libs/ras_enc.o
ranlib .libs/libras.a
creating libras.la
(cd .libs && rm -f libras.la && ln -s ../libras.la libras.la)
make[3]: Leaving directory `/home/Administrateur/42_libjasper/jasper-1.900.1/src/libjasper/ras'
make[3]: Entering directory `/home/Administrateur/42_libjasper/jasper-1.900.1/src/libjasper'
if /bin/sh ../../libtool --tag=CC --mode=compile x86_64-w64-mingw32-gcc -DHAVE_CONFIG_H -I. -I. -I../../src/libjasper/include/jasper   -I/opt/include  -I/opt/include -MT dummy.lo -MD -MP -MF ".deps/dummy.Tpo" -c -o dummy.lo dummy.c; \
	then mv -f ".deps/dummy.Tpo" ".deps/dummy.Plo"; else rm -f ".deps/dummy.Tpo"; exit 1; fi
mkdir .libs
 x86_64-w64-mingw32-gcc -DHAVE_CONFIG_H -I. -I. -I../../src/libjasper/include/jasper -I/opt/include -I/opt/include -MT dummy.lo -MD -MP -MF .deps/dummy.Tpo -c dummy.c  -DDLL_EXPORT -DPIC -o .libs/dummy.o
 x86_64-w64-mingw32-gcc -DHAVE_CONFIG_H -I. -I. -I../../src/libjasper/include/jasper -I/opt/include -I/opt/include -MT dummy.lo -MD -MP -MF .deps/dummy.Tpo -c dummy.c -o dummy.o >/dev/null 2>&1
/bin/sh ../../libtool --tag=CC --mode=link x86_64-w64-mingw32-gcc  -I/opt/include  -L/opt/lib -o libjasper.la -rpath /opt/lib -version-info 1:0:0 dummy.lo base/libbase.la bmp/libbmp.la jp2/libjp2.la jpc/libjpc.la jpg/libjpg.la mif/libmif.la pgx/libpgx.la pnm/libpnm.la ras/libras.la -lm  -ljpeg
gcc -shared  .libs/dummy.o -Wl,--whole-archive base/.libs/libbase.a bmp/.libs/libbmp.a jp2/.libs/libjp2.a jpc/.libs/libjpc.a jpg/.libs/libjpg.a mif/.libs/libmif.a pgx/.libs/libpgx.a pnm/.libs/libpnm.a ras/.libs/libras.a -Wl,--no-whole-archive  -L/opt/lib /opt/lib/libjpeg.dll.a  -o .libs/libjasper-1.dll -Wl,--enable-auto-image-base -Xlinker --out-implib -Xlinker .libs/libjasper.dll.a
rm -fr .libs/libjasper.lax
mkdir .libs/libjasper.lax
rm -fr .libs/libjasper.lax/libbase.a
mkdir .libs/libjasper.lax/libbase.a
(cd .libs/libjasper.lax/libbase.a && ar x /home/Administrateur/42_libjasper/jasper-1.900.1/src/libjasper/base/.libs/libbase.a)
rm -fr .libs/libjasper.lax/libbmp.a
mkdir .libs/libjasper.lax/libbmp.a
(cd .libs/libjasper.lax/libbmp.a && ar x /home/Administrateur/42_libjasper/jasper-1.900.1/src/libjasper/bmp/.libs/libbmp.a)
rm -fr .libs/libjasper.lax/libjp2.a
mkdir .libs/libjasper.lax/libjp2.a
(cd .libs/libjasper.lax/libjp2.a && ar x /home/Administrateur/42_libjasper/jasper-1.900.1/src/libjasper/jp2/.libs/libjp2.a)
rm -fr .libs/libjasper.lax/libjpc.a
mkdir .libs/libjasper.lax/libjpc.a
(cd .libs/libjasper.lax/libjpc.a && ar x /home/Administrateur/42_libjasper/jasper-1.900.1/src/libjasper/jpc/.libs/libjpc.a)
rm -fr .libs/libjasper.lax/libjpg.a
mkdir .libs/libjasper.lax/libjpg.a
(cd .libs/libjasper.lax/libjpg.a && ar x /home/Administrateur/42_libjasper/jasper-1.900.1/src/libjasper/jpg/.libs/libjpg.a)
rm -fr .libs/libjasper.lax/libmif.a
mkdir .libs/libjasper.lax/libmif.a
(cd .libs/libjasper.lax/libmif.a && ar x /home/Administrateur/42_libjasper/jasper-1.900.1/src/libjasper/mif/.libs/libmif.a)
rm -fr .libs/libjasper.lax/libpgx.a
mkdir .libs/libjasper.lax/libpgx.a
(cd .libs/libjasper.lax/libpgx.a && ar x /home/Administrateur/42_libjasper/jasper-1.900.1/src/libjasper/pgx/.libs/libpgx.a)
rm -fr .libs/libjasper.lax/libpnm.a
mkdir .libs/libjasper.lax/libpnm.a
(cd .libs/libjasper.lax/libpnm.a && ar x /home/Administrateur/42_libjasper/jasper-1.900.1/src/libjasper/pnm/.libs/libpnm.a)
rm -fr .libs/libjasper.lax/libras.a
mkdir .libs/libjasper.lax/libras.a
(cd .libs/libjasper.lax/libras.a && ar x /home/Administrateur/42_libjasper/jasper-1.900.1/src/libjasper/ras/.libs/libras.a)
ar cru .libs/libjasper.a  dummy.o  .libs/libjasper.lax/libbase.a/jas_cm.o .libs/libjasper.lax/libbase.a/jas_debug.o .libs/libjasper.lax/libbase.a/jas_getopt.o .libs/libjasper.lax/libbase.a/jas_icc.o .libs/libjasper.lax/libbase.a/jas_iccdata.o .libs/libjasper.lax/libbase.a/jas_image.o .libs/libjasper.lax/libbase.a/jas_init.o .libs/libjasper.lax/libbase.a/jas_malloc.o .libs/libjasper.lax/libbase.a/jas_seq.o .libs/libjasper.lax/libbase.a/jas_stream.o .libs/libjasper.lax/libbase.a/jas_string.o .libs/libjasper.lax/libbase.a/jas_tmr.o .libs/libjasper.lax/libbase.a/jas_tvp.o .libs/libjasper.lax/libbase.a/jas_version.o  .libs/libjasper.lax/libbmp.a/bmp_cod.o .libs/libjasper.lax/libbmp.a/bmp_dec.o .libs/libjasper.lax/libbmp.a/bmp_enc.o  .libs/libjasper.lax/libjp2.a/jp2_cod.o .libs/libjasper.lax/libjp2.a/jp2_dec.o .libs/libjasper.lax/libjp2.a/jp2_enc.o  .libs/libjasper.lax/libjpc.a/jpc_bs.o .libs/libjasper.lax/libjpc.a/jpc_cs.o .libs/libjasper.lax/libjpc.a/jpc_dec.o .libs/libjasper.lax/libjpc.a/jpc_enc.o .libs/libjasper.lax/libjpc.a/jpc_math.o .libs/libjasper.lax/libjpc.a/jpc_mct.o .libs/libjasper.lax/libjpc.a/jpc_mqcod.o .libs/libjasper.lax/libjpc.a/jpc_mqdec.o .libs/libjasper.lax/libjpc.a/jpc_mqenc.o .libs/libjasper.lax/libjpc.a/jpc_qmfb.o .libs/libjasper.lax/libjpc.a/jpc_t1cod.o .libs/libjasper.lax/libjpc.a/jpc_t1dec.o .libs/libjasper.lax/libjpc.a/jpc_t1enc.o .libs/libjasper.lax/libjpc.a/jpc_t2cod.o .libs/libjasper.lax/libjpc.a/jpc_t2dec.o .libs/libjasper.lax/libjpc.a/jpc_t2enc.o .libs/libjasper.lax/libjpc.a/jpc_tagtree.o .libs/libjasper.lax/libjpc.a/jpc_tsfb.o .libs/libjasper.lax/libjpc.a/jpc_util.o  .libs/libjasper.lax/libjpg.a/jpg_dec.o .libs/libjasper.lax/libjpg.a/jpg_enc.o .libs/libjasper.lax/libjpg.a/jpg_val.o  .libs/libjasper.lax/libmif.a/mif_cod.o  .libs/libjasper.lax/libpgx.a/pgx_cod.o .libs/libjasper.lax/libpgx.a/pgx_dec.o .libs/libjasper.lax/libpgx.a/pgx_enc.o  .libs/libjasper.lax/libpnm.a/pnm_cod.o .libs/libjasper.lax/libpnm.a/pnm_dec.o .libs/libjasper.lax/libpnm.a/pnm_enc.o  .libs/libjasper.lax/libras.a/ras_cod.o .libs/libjasper.lax/libras.a/ras_dec.o .libs/libjasper.lax/libras.a/ras_enc.o 
ranlib .libs/libjasper.a
rm -fr .libs/libjasper.lax
creating libjasper.la
(cd .libs && rm -f libjasper.la && ln -s ../libjasper.la libjasper.la)
make[3]: Leaving directory `/home/Administrateur/42_libjasper/jasper-1.900.1/src/libjasper'
make[2]: Leaving directory `/home/Administrateur/42_libjasper/jasper-1.900.1/src/libjasper'
Making all in appl
make[2]: Entering directory `/home/Administrateur/42_libjasper/jasper-1.900.1/src/appl'
if x86_64-w64-mingw32-gcc -DHAVE_CONFIG_H -I. -I. -I../../src/libjasper/include/jasper -I../../src/libjasper/include  -I/opt/include  -I/opt/include -MT jasper.o -MD -MP -MF ".deps/jasper.Tpo" -c -o jasper.o jasper.c; \
	then mv -f ".deps/jasper.Tpo" ".deps/jasper.Po"; else rm -f ".deps/jasper.Tpo"; exit 1; fi
/bin/sh ../../libtool --tag=CC --mode=link x86_64-w64-mingw32-gcc  -I/opt/include  -L/opt/lib -o jasper.exe  jasper.o ../libjasper/libjasper.la -lm  -ljpeg
mkdir .libs
x86_64-w64-mingw32-gcc -I/opt/include -o .libs/jasper.exe jasper.o  -L/opt/lib ../libjasper/.libs/libjasper.dll.a /opt/lib/libjpeg.dll.a  -L/opt/lib
creating jasper.exe
./.libs/lt-jasper.c: In function 'main':
./.libs/lt-jasper.c:113:3: warning: passing argument 2 of 'execv' from incompatible pointer type [enabled by default]
c:\msys\1.0\mingw\bin\../lib/gcc/x86_64-w64-mingw32/4.6.3/../../../../x86_64-w64-mingw32/include/process.h:165:15: note: expected 'char * const*' but argument is of type 'const char **'
if x86_64-w64-mingw32-gcc -DHAVE_CONFIG_H -I. -I. -I../../src/libjasper/include/jasper -I../../src/libjasper/include  -I/opt/include  -I/opt/include -MT imgcmp.o -MD -MP -MF ".deps/imgcmp.Tpo" -c -o imgcmp.o imgcmp.c; \
	then mv -f ".deps/imgcmp.Tpo" ".deps/imgcmp.Po"; else rm -f ".deps/imgcmp.Tpo"; exit 1; fi
/bin/sh ../../libtool --tag=CC --mode=link x86_64-w64-mingw32-gcc  -I/opt/include  -L/opt/lib -o imgcmp.exe  imgcmp.o ../libjasper/libjasper.la -lm  -ljpeg
x86_64-w64-mingw32-gcc -I/opt/include -o .libs/imgcmp.exe imgcmp.o  -L/opt/lib ../libjasper/.libs/libjasper.dll.a /opt/lib/libjpeg.dll.a  -L/opt/lib
creating imgcmp.exe
./.libs/lt-imgcmp.c: In function 'main':
./.libs/lt-imgcmp.c:113:3: warning: passing argument 2 of 'execv' from incompatible pointer type [enabled by default]
c:\msys\1.0\mingw\bin\../lib/gcc/x86_64-w64-mingw32/4.6.3/../../../../x86_64-w64-mingw32/include/process.h:165:15: note: expected 'char * const*' but argument is of type 'const char **'
if x86_64-w64-mingw32-gcc -DHAVE_CONFIG_H -I. -I. -I../../src/libjasper/include/jasper -I../../src/libjasper/include  -I/opt/include  -I/opt/include -MT imginfo.o -MD -MP -MF ".deps/imginfo.Tpo" -c -o imginfo.o imginfo.c; \
	then mv -f ".deps/imginfo.Tpo" ".deps/imginfo.Po"; else rm -f ".deps/imginfo.Tpo"; exit 1; fi
/bin/sh ../../libtool --tag=CC --mode=link x86_64-w64-mingw32-gcc  -I/opt/include  -L/opt/lib -o imginfo.exe  imginfo.o ../libjasper/libjasper.la -lm  -ljpeg
x86_64-w64-mingw32-gcc -I/opt/include -o .libs/imginfo.exe imginfo.o  -L/opt/lib ../libjasper/.libs/libjasper.dll.a /opt/lib/libjpeg.dll.a  -L/opt/lib
creating imginfo.exe
./.libs/lt-imginfo.c: In function 'main':
./.libs/lt-imginfo.c:113:3: warning: passing argument 2 of 'execv' from incompatible pointer type [enabled by default]
c:\msys\1.0\mingw\bin\../lib/gcc/x86_64-w64-mingw32/4.6.3/../../../../x86_64-w64-mingw32/include/process.h:165:15: note: expected 'char * const*' but argument is of type 'const char **'
if x86_64-w64-mingw32-gcc -DHAVE_CONFIG_H -I. -I. -I../../src/libjasper/include/jasper -I../../src/libjasper/include  -I/opt/include  -I/opt/include -MT tmrdemo.o -MD -MP -MF ".deps/tmrdemo.Tpo" -c -o tmrdemo.o tmrdemo.c; \
	then mv -f ".deps/tmrdemo.Tpo" ".deps/tmrdemo.Po"; else rm -f ".deps/tmrdemo.Tpo"; exit 1; fi
tmrdemo.c: In function 'main':
tmrdemo.c:46:9: warning: '_sleep' is deprecated (declared at c:\msys\1.0\mingw\bin\../lib/gcc/x86_64-w64-mingw32/4.6.3/../../../../x86_64-w64-mingw32/include/stdlib.h:553) [-Wdeprecated-declarations]
/bin/sh ../../libtool --tag=CC --mode=link x86_64-w64-mingw32-gcc  -I/opt/include  -L/opt/lib -o tmrdemo.exe  tmrdemo.o ../libjasper/libjasper.la -lm  -ljpeg
x86_64-w64-mingw32-gcc -I/opt/include -o .libs/tmrdemo.exe tmrdemo.o  -L/opt/lib ../libjasper/.libs/libjasper.dll.a /opt/lib/libjpeg.dll.a  -L/opt/lib
creating tmrdemo.exe
./.libs/lt-tmrdemo.c: In function 'main':
./.libs/lt-tmrdemo.c:113:3: warning: passing argument 2 of 'execv' from incompatible pointer type [enabled by default]
c:\msys\1.0\mingw\bin\../lib/gcc/x86_64-w64-mingw32/4.6.3/../../../../x86_64-w64-mingw32/include/process.h:165:15: note: expected 'char * const*' but argument is of type 'const char **'
make[2]: Leaving directory `/home/Administrateur/42_libjasper/jasper-1.900.1/src/appl'
Making all in msvc
make[2]: Entering directory `/home/Administrateur/42_libjasper/jasper-1.900.1/src/msvc'
make[2]: Nothing to be done for `all'.
make[2]: Leaving directory `/home/Administrateur/42_libjasper/jasper-1.900.1/src/msvc'
make[2]: Entering directory `/home/Administrateur/42_libjasper/jasper-1.900.1/src'
make[2]: Nothing to be done for `all-am'.
make[2]: Leaving directory `/home/Administrateur/42_libjasper/jasper-1.900.1/src'
make[1]: Leaving directory `/home/Administrateur/42_libjasper/jasper-1.900.1/src'
make[1]: Entering directory `/home/Administrateur/42_libjasper/jasper-1.900.1'
make[1]: Nothing to be done for `all-am'.
make[1]: Leaving directory `/home/Administrateur/42_libjasper/jasper-1.900.1'
